{
"/Users/etosch/dev/Runner/src/main/resources/surveyman.js/SurveyMan/surveyman.js":{"path":"/Users/etosch/dev/Runner/src/main/resources/surveyman.js/SurveyMan/surveyman.js","s":{"1":4,"2":2,"3":0,"4":0,"5":0,"6":0,"7":0,"8":0,"9":0,"10":0,"11":0,"12":0,"13":0,"14":0,"15":0,"16":0,"17":0,"18":0,"19":0,"20":4,"21":26,"22":26,"23":0,"24":0,"25":0,"26":2,"27":17,"28":2,"29":40,"30":12,"31":1,"32":12,"33":28,"34":4,"35":4,"36":4,"37":4,"38":4,"39":1,"40":1,"41":1,"42":2,"43":0,"44":0,"45":0,"46":0,"47":4,"48":4,"49":2,"50":0,"51":0,"52":4,"53":4,"54":2,"55":0,"56":0,"57":4,"58":4,"59":2,"60":0,"61":0,"62":4,"63":4,"64":4,"65":1825,"66":3435,"67":1825,"68":3434,"69":4,"70":218,"71":218,"72":239,"73":239,"74":239,"75":239,"76":239,"77":4,"78":2,"79":2,"80":2,"81":2,"82":2,"83":2,"84":0,"85":0,"86":0,"87":0,"88":2,"89":2,"90":4,"91":0,"92":0,"93":0,"94":4,"95":0,"96":0,"97":0,"98":4,"99":15,"100":0,"101":15,"102":15,"103":0,"104":4,"105":1439,"106":1439,"107":1439,"108":753,"109":686,"110":3,"111":3,"112":3,"113":683,"114":683,"115":0,"116":0,"117":0,"118":0,"119":0,"120":4,"121":1339,"122":1339,"123":1338,"124":1338,"125":1338,"126":1338,"127":1338,"128":517,"129":1338,"130":10479,"131":4,"132":243,"133":243,"134":243,"135":15,"136":15,"137":228,"138":1332,"139":228,"140":1,"141":1,"142":1,"143":1,"144":3,"145":9,"146":1,"147":1,"148":1,"149":227,"150":4,"151":242,"152":241,"153":241,"154":241,"155":241,"156":15,"157":25,"158":15,"159":0,"160":241,"161":3,"162":3,"163":1,"164":2,"165":1,"166":1,"167":241,"168":241,"169":241,"170":241,"171":241,"172":241,"173":0,"174":241,"175":241,"176":241,"177":241,"178":179,"179":179,"180":14,"181":14,"182":14,"183":0,"184":14,"185":14,"186":179,"187":241,"188":241,"189":241,"190":241,"191":104,"192":0,"193":104,"194":0,"195":0,"196":104,"197":241,"198":88,"199":88,"200":0,"201":0,"202":0,"203":0,"204":88,"205":516,"206":241,"207":831,"208":0,"209":831,"210":831,"211":831,"212":831,"213":831,"214":831,"215":0,"216":0,"217":0,"218":0,"219":0,"220":0,"221":0,"222":0,"223":831,"224":831,"225":0,"226":831,"227":0,"228":831,"229":516,"230":10471,"231":241,"232":0,"233":0,"234":0,"235":0,"236":0,"237":241,"238":0,"239":0,"240":0,"241":241,"242":0,"243":0,"244":0,"245":0,"246":4,"247":214,"248":214,"249":223,"250":223,"251":214,"252":4,"253":215,"254":215,"255":214,"256":214,"257":214,"258":214,"259":218,"260":351,"261":214,"262":214,"263":214,"264":214,"265":214,"266":214,"267":214,"268":214,"269":0,"270":214,"271":214,"272":17,"273":0,"274":17,"275":16,"276":1,"277":1,"278":0,"279":214,"280":10,"281":0,"282":10,"283":0,"284":0,"285":10,"286":0,"287":0,"288":10,"289":214,"290":0,"291":0,"292":0,"293":0,"294":0,"295":0,"296":0,"297":0,"298":0,"299":0,"300":0,"301":0,"302":0,"303":0,"304":0,"305":0,"306":0,"307":0,"308":0,"309":0,"310":0,"311":0,"312":0,"313":0,"314":214,"315":132,"316":0,"317":132,"318":262,"319":128,"320":134,"321":3,"322":131,"323":1,"324":214,"325":69,"326":69,"327":43,"328":69,"329":69,"330":94,"331":69,"332":48,"333":21,"334":43,"335":21,"336":43,"337":21,"338":43,"339":21,"340":21,"341":21,"342":21,"343":43,"344":43,"345":21,"346":43,"347":0,"348":0,"349":21,"350":21,"351":21,"352":43,"353":214,"354":2,"355":125,"356":125,"357":125,"358":214,"359":206,"360":206,"361":8,"362":125,"363":214,"364":214,"365":0,"366":0,"367":0,"368":0,"369":0,"370":214,"371":125,"372":214,"373":83,"374":83,"375":42,"376":214,"377":808,"378":39,"379":780,"380":81,"381":822,"382":214,"383":12,"384":12,"385":0,"386":0,"387":12,"388":4,"389":6,"390":6,"391":0,"392":4,"393":4,"394":4,"395":4,"396":4,"397":4,"398":0,"399":4,"400":0,"401":4,"402":0,"403":4,"404":4,"405":4,"406":4,"407":4,"408":4,"409":4,"410":1,"411":1,"412":1,"413":0,"414":1,"415":1,"416":4,"417":6,"418":6,"419":6,"420":6,"421":6,"422":6,"423":6,"424":0,"425":6,"426":6,"427":6,"428":6,"429":0,"430":4,"431":3,"432":3,"433":3,"434":3,"435":3,"436":3,"437":0,"438":4,"439":4,"440":20,"441":20,"442":0,"443":0,"444":0,"445":0,"446":0,"447":20,"448":20,"449":20,"450":20,"451":0,"452":20,"453":4,"454":0,"455":4,"456":29,"457":29,"458":29,"459":28,"460":28,"461":28,"462":28,"463":28,"464":28,"465":53,"466":53,"467":28,"468":179,"469":28,"470":4,"471":15,"472":27,"473":4,"474":2,"475":2,"476":2,"477":0,"478":2,"479":0,"480":2,"481":8,"482":20,"483":4,"484":0,"485":0,"486":0,"487":0,"488":0,"489":0,"490":0,"491":4,"492":2,"493":2,"494":4,"495":20,"496":20,"497":4,"498":4,"499":16,"500":26,"501":16,"502":10,"503":10,"504":10,"505":10,"506":10,"507":3,"508":3,"509":3,"510":3,"511":3,"512":0,"513":0,"514":10,"515":10,"516":0,"517":10,"518":0,"519":16,"520":16,"521":16,"522":16,"523":16,"524":23,"525":23,"526":23,"527":23,"528":16,"529":0,"530":0,"531":16,"532":16,"533":0,"534":16,"535":0,"536":0,"537":0,"538":4,"539":0,"540":0,"541":0,"542":0,"543":0,"544":4,"545":0,"546":0,"547":0,"548":0,"549":0,"550":0,"551":4,"552":3,"553":3,"554":3,"555":3,"556":4,"557":3,"558":3,"559":3,"560":3,"561":3,"562":3,"563":3,"564":3,"565":0,"566":0,"567":4,"568":7,"569":7,"570":7,"571":7,"572":7,"573":3,"574":3,"575":3,"576":3,"577":3,"578":4,"579":0,"580":4,"581":7,"582":0,"583":4,"584":3,"585":3,"586":3,"587":1,"588":1,"589":1,"590":1,"591":1,"592":1,"593":2,"594":2,"595":3,"596":0,"597":4,"598":2,"599":2,"600":6,"601":2,"602":6,"603":2,"604":2,"605":6,"606":2,"607":6,"608":2,"609":2,"610":2,"611":0,"612":0,"613":0,"614":0,"615":0,"616":2,"617":3,"618":2,"619":2,"620":6,"621":3,"622":3,"623":2,"624":6,"625":2,"626":2,"627":4,"628":0,"629":4,"630":4,"631":4,"632":4,"633":4,"634":4,"635":4,"636":4,"637":27,"638":27,"639":10,"640":17,"641":17,"642":17,"643":17,"644":6,"645":11,"646":4,"647":1,"648":0,"649":0,"650":1,"651":1,"652":1,"653":1,"654":1,"655":2,"656":3,"657":1,"658":1,"659":2,"660":3,"661":1,"662":0,"663":0,"664":1,"665":2,"666":2,"667":2,"668":0,"669":0,"670":0,"671":0,"672":1,"673":1,"674":4,"675":1,"676":1,"677":2,"678":1,"679":4,"680":0,"681":4,"682":0,"683":4,"684":0,"685":4,"686":0,"687":4,"688":0,"689":0,"690":0,"691":0,"692":0,"693":0,"694":0,"695":0,"696":0,"697":0,"698":0,"699":0,"700":0,"701":0,"702":4,"703":0,"704":0,"705":0,"706":0,"707":0,"708":4,"709":0,"710":0,"711":0,"712":4,"713":4,"714":6,"715":6,"716":4,"717":1,"718":1,"719":1,"720":1,"721":1,"722":4,"723":1,"724":1,"725":1,"726":1,"727":8,"728":14,"729":14,"730":6,"731":6,"732":6,"733":0,"734":6,"735":6,"736":6,"737":6,"738":6,"739":6,"740":0,"741":0,"742":6,"743":6,"744":6,"745":6,"746":6,"747":2,"748":2,"749":0,"750":0,"751":2,"752":2,"753":2,"754":2,"755":2,"756":0,"757":4,"758":4,"759":3,"760":3,"761":3,"762":0,"763":3,"764":5,"765":5,"766":2,"767":2,"768":2,"769":0,"770":2,"771":3,"772":3,"773":3,"774":3,"775":3,"776":3,"777":3,"778":1,"779":1,"780":2,"781":2,"782":2,"783":2,"784":0,"785":0,"786":0,"787":0,"788":0,"789":0,"790":0,"791":0,"792":0,"793":0,"794":0,"795":0,"796":0,"797":0,"798":0,"799":0,"800":0,"801":0,"802":0},"b":{"1":[0,0],"2":[0,0],"3":[0,0],"4":[0,0],"5":[0,0],"6":[26,0],"7":[0,0],"8":[17,0],"9":[12,28],"10":[0,0],"11":[0,0],"12":[0,0],"13":[0,2],"14":[2,0],"15":[0,0],"16":[0,0],"17":[0,15],"18":[15,0],"19":[1196,243],"20":[1439,243],"21":[753,686],"22":[3,683],"23":[683,0],"24":[0,0],"25":[7,1332],"26":[1339,1332],"27":[10479,10479,523],"28":[1,242],"29":[243,242],"30":[242,1],"31":[243,242],"32":[15,228],"33":[1,227],"34":[1,0],"35":[241,142],"36":[15,10],"37":[1,2],"38":[1,1],"39":[3,238],"40":[0,241],"41":[0,0],"42":[0,14],"43":[0,104],"44":[104,104],"45":[0,104],"46":[0,0],"47":[0,88],"48":[0,831],"49":[0,0,0],"50":[0,0],"51":[0,831],"52":[831,0],"53":[0,831],"54":[831,831,90,90,90,90,90,90,90,90],"55":[516,516],"56":[0,0],"57":[0,0],"58":[0,0],"59":[0,0],"60":[214,17],"61":[214,107],"62":[0,214],"63":[0,0],"64":[214,203],"65":[0,17],"66":[16,1],"67":[1,0],"68":[0,0],"69":[0,10],"70":[0,10],"71":[0,0],"72":[0,0],"73":[0,0],"74":[0,0],"75":[0,0],"76":[0,0],"77":[0,0],"78":[0,0],"79":[0,0],"80":[0,0],"81":[0,0],"82":[0,0],"83":[0,0],"84":[0,132],"85":[128,134],"86":[262,260],"87":[3,131],"88":[1,130],"89":[48,21],"90":[0,43],"91":[206,8],"92":[0,0],"93":[0,0],"94":[125,125],"95":[808,808,54,54],"96":[39,39],"97":[81,81],"98":[5,1],"99":[1,3],"100":[4,3],"101":[0,4],"102":[0,4],"103":[0,4],"104":[4,0],"105":[4,0],"106":[0,1],"107":[6,0],"108":[6,6],"109":[6,6],"110":[6,0],"111":[6,0,0,0,0],"112":[6,0,0],"113":[0,0],"114":[6,0],"115":[6,0,0,0],"116":[0,0],"117":[0,0],"118":[0,3],"119":[0,20],"120":[0,0],"121":[0,20],"122":[0,2],"123":[0,2],"124":[8,8],"125":[0,0],"126":[20,0],"127":[20,0],"128":[4,16],"129":[16,10],"130":[3,0],"131":[0,10],"132":[10,3],"133":[0,10],"134":[16,7],"135":[0,16],"136":[16,16],"137":[0,16],"138":[0,0],"139":[0,0],"140":[0,0],"141":[0,0],"142":[0,3],"143":[1,6],"144":[7,6],"145":[1,6],"146":[7,6],"147":[0,1],"148":[3,4],"149":[0,4],"150":[4,0],"151":[3,0],"152":[3,0],"153":[1,2],"154":[1,0],"155":[0,2],"156":[3,3],"157":[10,17],"158":[6,11],"159":[0,1],"160":[2,0],"161":[0,0],"162":[0,0],"163":[0,0],"164":[0,0],"165":[0,0],"166":[0,0],"167":[0,0],"168":[2,4],"169":[6,4],"170":[6,0],"171":[6,0],"172":[0,6],"173":[0,6],"174":[6,6],"175":[0,6],"176":[6,6],"177":[6,0],"178":[6,0],"179":[3,3],"180":[0,6],"181":[3,3],"182":[0,2],"183":[2,2],"184":[0,2],"185":[4,0],"186":[4,0],"187":[3,0],"188":[3,0],"189":[0,3],"190":[2,3],"191":[5,3],"192":[2,3],"193":[0,2],"194":[1,2],"195":[3,2],"196":[1,2],"197":[0,0],"198":[0,0],"199":[0,0],"200":[0,0],"201":[0,0],"202":[0,0],"203":[0,0],"204":[0,0],"205":[0,0],"206":[0,0]},"f":{"1":4,"2":0,"3":26,"4":17,"5":40,"6":1,"7":0,"8":0,"9":0,"10":0,"11":1825,"12":3434,"13":218,"14":2,"15":0,"16":0,"17":15,"18":1439,"19":0,"20":1339,"21":517,"22":10479,"23":243,"24":1332,"25":1,"26":3,"27":9,"28":242,"29":15,"30":3,"31":241,"32":179,"33":104,"34":88,"35":516,"36":831,"37":516,"38":10471,"39":0,"40":0,"41":0,"42":0,"43":214,"44":215,"45":218,"46":351,"47":214,"48":17,"49":0,"50":10,"51":0,"52":0,"53":0,"54":132,"55":69,"56":43,"57":94,"58":43,"59":43,"60":43,"61":43,"62":214,"63":125,"64":125,"65":0,"66":125,"67":83,"68":83,"69":42,"70":808,"71":39,"72":780,"73":81,"74":822,"75":12,"76":0,"77":0,"78":6,"79":0,"80":4,"81":4,"82":0,"83":1,"84":1,"85":6,"86":0,"87":3,"88":3,"89":20,"90":0,"91":0,"92":0,"93":29,"94":53,"95":179,"96":15,"97":27,"98":2,"99":8,"100":20,"101":0,"102":0,"103":2,"104":2,"105":20,"106":26,"107":0,"108":0,"109":0,"110":0,"111":0,"112":0,"113":3,"114":3,"115":3,"116":7,"117":7,"118":0,"119":3,"120":0,"121":2,"122":6,"123":6,"124":6,"125":6,"126":0,"127":0,"128":6,"129":0,"130":27,"131":1,"132":2,"133":3,"134":2,"135":3,"136":0,"137":0,"138":1,"139":2,"140":0,"141":0,"142":0,"143":0,"144":0,"145":0,"146":0,"147":4,"148":6,"149":1,"150":1,"151":8,"152":14,"153":6,"154":6,"155":6,"156":2,"157":4,"158":3,"159":5,"160":3,"161":0,"162":0,"163":0,"164":0},"fnMap":{"1":{"name":"(anonymous_1)","line":71,"loc":{"start":{"line":71,"column":22},"end":{"line":71,"column":34}}},"2":{"name":"sliceIterator","line":71,"loc":{"start":{"line":71,"column":36},"end":{"line":71,"column":67}}},"3":{"name":"(anonymous_3)","line":71,"loc":{"start":{"line":71,"column":437},"end":{"line":71,"column":455}}},"4":{"name":"_toArray","line":73,"loc":{"start":{"line":73,"column":0},"end":{"line":73,"column":23}}},"5":{"name":"_toConsumableArray","line":75,"loc":{"start":{"line":75,"column":0},"end":{"line":75,"column":33}}},"6":{"name":"global_reset","line":94,"loc":{"start":{"line":94,"column":19},"end":{"line":94,"column":43}}},"7":{"name":"SMSurveyException","line":102,"loc":{"start":{"line":102,"column":0},"end":{"line":102,"column":32}}},"8":{"name":"UnknownTypeException","line":112,"loc":{"start":{"line":112,"column":0},"end":{"line":112,"column":37}}},"9":{"name":"ObjectNotFoundException","line":119,"loc":{"start":{"line":119,"column":0},"end":{"line":119,"column":52}}},"10":{"name":"MalformedSurveyException","line":126,"loc":{"start":{"line":126,"column":0},"end":{"line":126,"column":39}}},"11":{"name":"assertJSONHasProperties","line":135,"loc":{"start":{"line":135,"column":30},"end":{"line":135,"column":72}}},"12":{"name":"(anonymous_12)","line":140,"loc":{"start":{"line":140,"column":16},"end":{"line":140,"column":32}}},"13":{"name":"FYshuffle","line":145,"loc":{"start":{"line":145,"column":16},"end":{"line":145,"column":40}}},"14":{"name":"sortById","line":157,"loc":{"start":{"line":157,"column":15},"end":{"line":157,"column":38}}},"15":{"name":"getOptionById","line":185,"loc":{"start":{"line":185,"column":20},"end":{"line":185,"column":48}}},"16":{"name":"getQuestionById","line":198,"loc":{"start":{"line":198,"column":22},"end":{"line":198,"column":53}}},"17":{"name":"getBlockById","line":210,"loc":{"start":{"line":210,"column":19},"end":{"line":210,"column":46}}},"18":{"name":"parseBools","line":236,"loc":{"start":{"line":236,"column":17},"end":{"line":236,"column":56}}},"19":{"name":"(anonymous_19)","line":254,"loc":{"start":{"line":254,"column":33},"end":{"line":254,"column":48}}},"20":{"name":"Option","line":280,"loc":{"start":{"line":280,"column":13},"end":{"line":280,"column":42}}},"21":{"name":"(anonymous_21)","line":288,"loc":{"start":{"line":288,"column":16},"end":{"line":288,"column":28}}},"22":{"name":"(anonymous_22)","line":300,"loc":{"start":{"line":300,"column":16},"end":{"line":300,"column":32}}},"23":{"name":"(anonymous_23)","line":313,"loc":{"start":{"line":313,"column":21},"end":{"line":313,"column":44}}},"24":{"name":"(anonymous_24)","line":321,"loc":{"start":{"line":321,"column":30},"end":{"line":321,"column":43}}},"25":{"name":"(anonymous_25)","line":325,"loc":{"start":{"line":325,"column":16},"end":{"line":325,"column":28}}},"26":{"name":"(anonymous_26)","line":328,"loc":{"start":{"line":328,"column":22},"end":{"line":328,"column":37}}},"27":{"name":"(anonymous_27)","line":329,"loc":{"start":{"line":329,"column":41},"end":{"line":329,"column":54}}},"28":{"name":"Question","line":349,"loc":{"start":{"line":349,"column":15},"end":{"line":349,"column":56}}},"29":{"name":"(anonymous_29)","line":371,"loc":{"start":{"line":371,"column":19},"end":{"line":371,"column":34}}},"30":{"name":"(anonymous_30)","line":384,"loc":{"start":{"line":384,"column":21},"end":{"line":384,"column":41}}},"31":{"name":"(anonymous_31)","line":437,"loc":{"start":{"line":437,"column":24},"end":{"line":437,"column":44}}},"32":{"name":"(anonymous_32)","line":438,"loc":{"start":{"line":438,"column":11},"end":{"line":438,"column":23}}},"33":{"name":"(anonymous_33)","line":475,"loc":{"start":{"line":475,"column":19},"end":{"line":475,"column":31}}},"34":{"name":"(anonymous_34)","line":489,"loc":{"start":{"line":489,"column":16},"end":{"line":489,"column":28}}},"35":{"name":"(anonymous_35)","line":506,"loc":{"start":{"line":506,"column":32},"end":{"line":506,"column":45}}},"36":{"name":"(anonymous_36)","line":520,"loc":{"start":{"line":520,"column":16},"end":{"line":520,"column":32}}},"37":{"name":"(anonymous_37)","line":552,"loc":{"start":{"line":552,"column":207},"end":{"line":552,"column":225}}},"38":{"name":"(anonymous_38)","line":553,"loc":{"start":{"line":553,"column":37},"end":{"line":553,"column":51}}},"39":{"name":"(anonymous_39)","line":564,"loc":{"start":{"line":564,"column":20},"end":{"line":564,"column":38}}},"40":{"name":"(anonymous_40)","line":575,"loc":{"start":{"line":575,"column":23},"end":{"line":575,"column":41}}},"41":{"name":"(anonymous_41)","line":576,"loc":{"start":{"line":576,"column":39},"end":{"line":576,"column":52}}},"42":{"name":"(anonymous_42)","line":581,"loc":{"start":{"line":581,"column":23},"end":{"line":581,"column":35}}},"43":{"name":"(anonymous_43)","line":597,"loc":{"start":{"line":597,"column":25},"end":{"line":597,"column":67}}},"44":{"name":"Block","line":613,"loc":{"start":{"line":613,"column":12},"end":{"line":613,"column":39}}},"45":{"name":"(anonymous_45)","line":624,"loc":{"start":{"line":624,"column":26},"end":{"line":624,"column":47}}},"46":{"name":"(anonymous_46)","line":625,"loc":{"start":{"line":625,"column":36},"end":{"line":625,"column":49}}},"47":{"name":"randomizableId","line":630,"loc":{"start":{"line":630,"column":23},"end":{"line":630,"column":58}}},"48":{"name":"(anonymous_48)","line":668,"loc":{"start":{"line":668,"column":21},"end":{"line":668,"column":33}}},"49":{"name":"(anonymous_49)","line":678,"loc":{"start":{"line":678,"column":62},"end":{"line":678,"column":79}}},"50":{"name":"(anonymous_50)","line":686,"loc":{"start":{"line":686,"column":21},"end":{"line":686,"column":33}}},"51":{"name":"(anonymous_51)","line":689,"loc":{"start":{"line":689,"column":38},"end":{"line":689,"column":51}}},"52":{"name":"(anonymous_52)","line":708,"loc":{"start":{"line":708,"column":21},"end":{"line":708,"column":37}}},"53":{"name":"(anonymous_53)","line":712,"loc":{"start":{"line":712,"column":47},"end":{"line":712,"column":60}}},"54":{"name":"(anonymous_54)","line":755,"loc":{"start":{"line":755,"column":16},"end":{"line":755,"column":32}}},"55":{"name":"(anonymous_55)","line":774,"loc":{"start":{"line":774,"column":19},"end":{"line":774,"column":31}}},"56":{"name":"(anonymous_56)","line":776,"loc":{"start":{"line":776,"column":40},"end":{"line":776,"column":52}}},"57":{"name":"(anonymous_57)","line":782,"loc":{"start":{"line":782,"column":35},"end":{"line":782,"column":48}}},"58":{"name":"(anonymous_58)","line":788,"loc":{"start":{"line":788,"column":49},"end":{"line":788,"column":62}}},"59":{"name":"(anonymous_59)","line":791,"loc":{"start":{"line":791,"column":52},"end":{"line":791,"column":65}}},"60":{"name":"(anonymous_60)","line":794,"loc":{"start":{"line":794,"column":40},"end":{"line":794,"column":55}}},"61":{"name":"(anonymous_61)","line":814,"loc":{"start":{"line":814,"column":27},"end":{"line":814,"column":40}}},"62":{"name":"(anonymous_62)","line":819,"loc":{"start":{"line":819,"column":20},"end":{"line":819,"column":58}}},"63":{"name":"populate","line":820,"loc":{"start":{"line":820,"column":4},"end":{"line":820,"column":42}}},"64":{"name":"(anonymous_64)","line":830,"loc":{"start":{"line":830,"column":25},"end":{"line":830,"column":41}}},"65":{"name":"(anonymous_65)","line":840,"loc":{"start":{"line":840,"column":26},"end":{"line":840,"column":38}}},"66":{"name":"(anonymous_66)","line":846,"loc":{"start":{"line":846,"column":39},"end":{"line":846,"column":56}}},"67":{"name":"(anonymous_67)","line":853,"loc":{"start":{"line":853,"column":16},"end":{"line":853,"column":28}}},"68":{"name":"(anonymous_68)","line":856,"loc":{"start":{"line":856,"column":44},"end":{"line":856,"column":57}}},"69":{"name":"(anonymous_69)","line":860,"loc":{"start":{"line":860,"column":36},"end":{"line":860,"column":49}}},"70":{"name":"(anonymous_70)","line":872,"loc":{"start":{"line":872,"column":16},"end":{"line":872,"column":32}}},"71":{"name":"(anonymous_71)","line":874,"loc":{"start":{"line":874,"column":81},"end":{"line":874,"column":99}}},"72":{"name":"(anonymous_72)","line":875,"loc":{"start":{"line":875,"column":39},"end":{"line":875,"column":53}}},"73":{"name":"(anonymous_73)","line":878,"loc":{"start":{"line":878,"column":46},"end":{"line":878,"column":64}}},"74":{"name":"(anonymous_74)","line":879,"loc":{"start":{"line":879,"column":47},"end":{"line":879,"column":61}}},"75":{"name":"(anonymous_75)","line":888,"loc":{"start":{"line":888,"column":25},"end":{"line":888,"column":37}}},"76":{"name":"(anonymous_76)","line":890,"loc":{"start":{"line":890,"column":27},"end":{"line":890,"column":40}}},"77":{"name":"(anonymous_77)","line":891,"loc":{"start":{"line":891,"column":41},"end":{"line":891,"column":54}}},"78":{"name":"(anonymous_78)","line":903,"loc":{"start":{"line":903,"column":32},"end":{"line":903,"column":44}}},"79":{"name":"(anonymous_79)","line":905,"loc":{"start":{"line":905,"column":58},"end":{"line":905,"column":74}}},"80":{"name":"(anonymous_80)","line":915,"loc":{"start":{"line":915,"column":28},"end":{"line":915,"column":45}}},"81":{"name":"update_ids","line":918,"loc":{"start":{"line":918,"column":19},"end":{"line":918,"column":54}}},"82":{"name":"(anonymous_82)","line":922,"loc":{"start":{"line":922,"column":28},"end":{"line":922,"column":41}}},"83":{"name":"(anonymous_83)","line":947,"loc":{"start":{"line":947,"column":31},"end":{"line":947,"column":48}}},"84":{"name":"(anonymous_84)","line":948,"loc":{"start":{"line":948,"column":32},"end":{"line":948,"column":48}}},"85":{"name":"(anonymous_85)","line":963,"loc":{"start":{"line":963,"column":31},"end":{"line":963,"column":51}}},"86":{"name":"(anonymous_86)","line":970,"loc":{"start":{"line":970,"column":124},"end":{"line":970,"column":141}}},"87":{"name":"(anonymous_87)","line":986,"loc":{"start":{"line":986,"column":34},"end":{"line":986,"column":54}}},"88":{"name":"(anonymous_88)","line":988,"loc":{"start":{"line":988,"column":45},"end":{"line":988,"column":58}}},"89":{"name":"(anonymous_89)","line":1011,"loc":{"start":{"line":1011,"column":18},"end":{"line":1011,"column":36}}},"90":{"name":"(anonymous_90)","line":1025,"loc":{"start":{"line":1025,"column":47},"end":{"line":1025,"column":63}}},"91":{"name":"(anonymous_91)","line":1040,"loc":{"start":{"line":1040,"column":19},"end":{"line":1040,"column":31}}},"92":{"name":"randomize","line":1043,"loc":{"start":{"line":1043,"column":15},"end":{"line":1043,"column":36}}},"93":{"name":"Survey","line":1053,"loc":{"start":{"line":1053,"column":13},"end":{"line":1053,"column":42}}},"94":{"name":"(anonymous_94)","line":1075,"loc":{"start":{"line":1075,"column":35},"end":{"line":1075,"column":56}}},"95":{"name":"(anonymous_95)","line":1081,"loc":{"start":{"line":1081,"column":22},"end":{"line":1081,"column":35}}},"96":{"name":"(anonymous_96)","line":1097,"loc":{"start":{"line":1097,"column":26},"end":{"line":1097,"column":38}}},"97":{"name":"(anonymous_97)","line":1101,"loc":{"start":{"line":1101,"column":36},"end":{"line":1101,"column":49}}},"98":{"name":"(anonymous_98)","line":1113,"loc":{"start":{"line":1113,"column":26},"end":{"line":1113,"column":42}}},"99":{"name":"(anonymous_99)","line":1118,"loc":{"start":{"line":1118,"column":20},"end":{"line":1118,"column":38}}},"100":{"name":"(anonymous_100)","line":1119,"loc":{"start":{"line":1119,"column":26},"end":{"line":1119,"column":40}}},"101":{"name":"(anonymous_101)","line":1131,"loc":{"start":{"line":1131,"column":36},"end":{"line":1131,"column":51}}},"102":{"name":"(anonymous_102)","line":1134,"loc":{"start":{"line":1134,"column":27},"end":{"line":1134,"column":42}}},"103":{"name":"(anonymous_103)","line":1147,"loc":{"start":{"line":1147,"column":38},"end":{"line":1147,"column":61}}},"104":{"name":"(anonymous_104)","line":1148,"loc":{"start":{"line":1148,"column":29},"end":{"line":1148,"column":42}}},"105":{"name":"(anonymous_105)","line":1159,"loc":{"start":{"line":1159,"column":35},"end":{"line":1159,"column":55}}},"106":{"name":"find_block_by_id","line":1166,"loc":{"start":{"line":1166,"column":25},"end":{"line":1166,"column":58}}},"107":{"name":"(anonymous_107)","line":1227,"loc":{"start":{"line":1227,"column":45},"end":{"line":1227,"column":68}}},"108":{"name":"(anonymous_108)","line":1229,"loc":{"start":{"line":1229,"column":35},"end":{"line":1229,"column":48}}},"109":{"name":"(anonymous_109)","line":1235,"loc":{"start":{"line":1235,"column":12},"end":{"line":1235,"column":28}}},"110":{"name":"(anonymous_110)","line":1245,"loc":{"start":{"line":1245,"column":33},"end":{"line":1245,"column":51}}},"111":{"name":"(anonymous_111)","line":1249,"loc":{"start":{"line":1249,"column":35},"end":{"line":1249,"column":48}}},"112":{"name":"(anonymous_112)","line":1250,"loc":{"start":{"line":1250,"column":28},"end":{"line":1250,"column":41}}},"113":{"name":"(anonymous_113)","line":1263,"loc":{"start":{"line":1263,"column":32},"end":{"line":1263,"column":59}}},"114":{"name":"(anonymous_114)","line":1276,"loc":{"start":{"line":1276,"column":35},"end":{"line":1276,"column":55}}},"115":{"name":"(anonymous_115)","line":1279,"loc":{"start":{"line":1279,"column":37},"end":{"line":1279,"column":50}}},"116":{"name":"(anonymous_116)","line":1301,"loc":{"start":{"line":1301,"column":29},"end":{"line":1301,"column":46}}},"117":{"name":"(anonymous_117)","line":1304,"loc":{"start":{"line":1304,"column":10},"end":{"line":1304,"column":22}}},"118":{"name":"(anonymous_118)","line":1320,"loc":{"start":{"line":1320,"column":36},"end":{"line":1320,"column":49}}},"119":{"name":"(anonymous_119)","line":1332,"loc":{"start":{"line":1332,"column":32},"end":{"line":1332,"column":49}}},"120":{"name":"(anonymous_120)","line":1350,"loc":{"start":{"line":1350,"column":34},"end":{"line":1350,"column":47}}},"121":{"name":"(anonymous_121)","line":1359,"loc":{"start":{"line":1359,"column":19},"end":{"line":1359,"column":38}}},"122":{"name":"(anonymous_122)","line":1362,"loc":{"start":{"line":1362,"column":57},"end":{"line":1362,"column":75}}},"123":{"name":"(anonymous_123)","line":1366,"loc":{"start":{"line":1366,"column":51},"end":{"line":1366,"column":69}}},"124":{"name":"(anonymous_124)","line":1371,"loc":{"start":{"line":1371,"column":43},"end":{"line":1371,"column":55}}},"125":{"name":"(anonymous_125)","line":1375,"loc":{"start":{"line":1375,"column":28},"end":{"line":1375,"column":51}}},"126":{"name":"(anonymous_126)","line":1383,"loc":{"start":{"line":1383,"column":25},"end":{"line":1383,"column":38}}},"127":{"name":"(anonymous_127)","line":1386,"loc":{"start":{"line":1386,"column":31},"end":{"line":1386,"column":44}}},"128":{"name":"(anonymous_128)","line":1404,"loc":{"start":{"line":1404,"column":18},"end":{"line":1404,"column":33}}},"129":{"name":"(anonymous_129)","line":1413,"loc":{"start":{"line":1413,"column":29},"end":{"line":1413,"column":41}}},"130":{"name":"flatten","line":1433,"loc":{"start":{"line":1433,"column":14},"end":{"line":1433,"column":36}}},"131":{"name":"getAllBlockQuestions","line":1461,"loc":{"start":{"line":1461,"column":27},"end":{"line":1461,"column":65}}},"132":{"name":"(anonymous_132)","line":1471,"loc":{"start":{"line":1471,"column":32},"end":{"line":1471,"column":45}}},"133":{"name":"(anonymous_133)","line":1472,"loc":{"start":{"line":1472,"column":25},"end":{"line":1472,"column":38}}},"134":{"name":"qfind","line":1479,"loc":{"start":{"line":1479,"column":14},"end":{"line":1479,"column":32}}},"135":{"name":"(anonymous_135)","line":1480,"loc":{"start":{"line":1480,"column":25},"end":{"line":1480,"column":38}}},"136":{"name":"bfind","line":1484,"loc":{"start":{"line":1484,"column":14},"end":{"line":1484,"column":32}}},"137":{"name":"(anonymous_137)","line":1485,"loc":{"start":{"line":1485,"column":25},"end":{"line":1485,"column":38}}},"138":{"name":"initializeStacks","line":1509,"loc":{"start":{"line":1509,"column":23},"end":{"line":1509,"column":57}}},"139":{"name":"(anonymous_139)","line":1511,"loc":{"start":{"line":1511,"column":26},"end":{"line":1511,"column":39}}},"140":{"name":"loadQuestions","line":1522,"loc":{"start":{"line":1522,"column":20},"end":{"line":1522,"column":51}}},"141":{"name":"isQuestionStackEmpty","line":1530,"loc":{"start":{"line":1530,"column":27},"end":{"line":1530,"column":59}}},"142":{"name":"isBlockStackEmpty","line":1538,"loc":{"start":{"line":1538,"column":24},"end":{"line":1538,"column":53}}},"143":{"name":"nextQuestion","line":1547,"loc":{"start":{"line":1547,"column":19},"end":{"line":1547,"column":43}}},"144":{"name":"nextBlock","line":1558,"loc":{"start":{"line":1558,"column":16},"end":{"line":1558,"column":37}}},"145":{"name":"handleBranching","line":1585,"loc":{"start":{"line":1585,"column":22},"end":{"line":1585,"column":53}}},"146":{"name":"nextSequential","line":1595,"loc":{"start":{"line":1595,"column":21},"end":{"line":1595,"column":47}}},"147":{"name":"(anonymous_147)","line":1604,"loc":{"start":{"line":1604,"column":15},"end":{"line":1604,"column":34}}},"148":{"name":"(anonymous_148)","line":1605,"loc":{"start":{"line":1605,"column":9},"end":{"line":1605,"column":21}}},"149":{"name":"survey_init","line":1612,"loc":{"start":{"line":1612,"column":18},"end":{"line":1612,"column":51}}},"150":{"name":"init","line":1653,"loc":{"start":{"line":1653,"column":10},"end":{"line":1653,"column":36}}},"151":{"name":"new_survey","line":1672,"loc":{"start":{"line":1672,"column":14},"end":{"line":1672,"column":36}}},"152":{"name":"copy_survey","line":1685,"loc":{"start":{"line":1685,"column":15},"end":{"line":1685,"column":44}}},"153":{"name":"copy_block","line":1702,"loc":{"start":{"line":1702,"column":14},"end":{"line":1702,"column":41}}},"154":{"name":"add_block","line":1720,"loc":{"start":{"line":1720,"column":13},"end":{"line":1720,"column":47}}},"155":{"name":"(anonymous_155)","line":1724,"loc":{"start":{"line":1724,"column":12},"end":{"line":1724,"column":24}}},"156":{"name":"remove_block","line":1745,"loc":{"start":{"line":1745,"column":16},"end":{"line":1745,"column":53}}},"157":{"name":"new_question","line":1769,"loc":{"start":{"line":1769,"column":16},"end":{"line":1769,"column":52}}},"158":{"name":"copy_question","line":1784,"loc":{"start":{"line":1784,"column":17},"end":{"line":1784,"column":50}}},"159":{"name":"add_question","line":1802,"loc":{"start":{"line":1802,"column":16},"end":{"line":1802,"column":63}}},"160":{"name":"remove_question","line":1829,"loc":{"start":{"line":1829,"column":19},"end":{"line":1829,"column":62}}},"161":{"name":"new_option","line":1848,"loc":{"start":{"line":1848,"column":14},"end":{"line":1848,"column":48}}},"162":{"name":"add_option","line":1865,"loc":{"start":{"line":1865,"column":14},"end":{"line":1865,"column":60}}},"163":{"name":"(anonymous_163)","line":1873,"loc":{"start":{"line":1873,"column":31},"end":{"line":1873,"column":44}}},"164":{"name":"remove_option","line":1889,"loc":{"start":{"line":1889,"column":17},"end":{"line":1889,"column":56}}}},"statementMap":{"1":{"start":{"line":71,"column":0},"end":{"line":71,"column":666}},"2":{"start":{"line":71,"column":36},"end":{"line":71,"column":429}},"3":{"start":{"line":71,"column":69},"end":{"line":71,"column":83}},"4":{"start":{"line":71,"column":84},"end":{"line":71,"column":98}},"5":{"start":{"line":71,"column":99},"end":{"line":71,"column":114}},"6":{"start":{"line":71,"column":115},"end":{"line":71,"column":134}},"7":{"start":{"line":71,"column":135},"end":{"line":71,"column":414}},"8":{"start":{"line":71,"column":141},"end":{"line":71,"column":284}},"9":{"start":{"line":71,"column":227},"end":{"line":71,"column":247}},"10":{"start":{"line":71,"column":248},"end":{"line":71,"column":282}},"11":{"start":{"line":71,"column":276},"end":{"line":71,"column":282}},"12":{"start":{"line":71,"column":301},"end":{"line":71,"column":311}},"13":{"start":{"line":71,"column":312},"end":{"line":71,"column":321}},"14":{"start":{"line":71,"column":334},"end":{"line":71,"column":412}},"15":{"start":{"line":71,"column":340},"end":{"line":71,"column":380}},"16":{"start":{"line":71,"column":365},"end":{"line":71,"column":380}},"17":{"start":{"line":71,"column":393},"end":{"line":71,"column":410}},"18":{"start":{"line":71,"column":401},"end":{"line":71,"column":410}},"19":{"start":{"line":71,"column":415},"end":{"line":71,"column":427}},"20":{"start":{"line":71,"column":430},"end":{"line":71,"column":660}},"21":{"start":{"line":71,"column":457},"end":{"line":71,"column":657}},"22":{"start":{"line":71,"column":483},"end":{"line":71,"column":494}},"23":{"start":{"line":71,"column":502},"end":{"line":71,"column":657}},"24":{"start":{"line":71,"column":540},"end":{"line":71,"column":569}},"25":{"start":{"line":71,"column":579},"end":{"line":71,"column":655}},"26":{"start":{"line":73,"column":0},"end":{"line":73,"column":77}},"27":{"start":{"line":73,"column":25},"end":{"line":73,"column":75}},"28":{"start":{"line":75,"column":0},"end":{"line":75,"column":191}},"29":{"start":{"line":75,"column":35},"end":{"line":75,"column":189}},"30":{"start":{"line":75,"column":61},"end":{"line":75,"column":141}},"31":{"start":{"line":75,"column":124},"end":{"line":75,"column":141}},"32":{"start":{"line":75,"column":142},"end":{"line":75,"column":154}},"33":{"start":{"line":75,"column":164},"end":{"line":75,"column":187}},"34":{"start":{"line":77,"column":0},"end":{"line":77,"column":20}},"35":{"start":{"line":78,"column":0},"end":{"line":78,"column":30}},"36":{"start":{"line":79,"column":0},"end":{"line":79,"column":36}},"37":{"start":{"line":87,"column":0},"end":{"line":89,"column":28}},"38":{"start":{"line":94,"column":0},"end":{"line":98,"column":2}},"39":{"start":{"line":95,"column":2},"end":{"line":95,"column":19}},"40":{"start":{"line":96,"column":2},"end":{"line":96,"column":20}},"41":{"start":{"line":97,"column":2},"end":{"line":97,"column":22}},"42":{"start":{"line":102,"column":0},"end":{"line":108,"column":1}},"43":{"start":{"line":103,"column":2},"end":{"line":103,"column":92}},"44":{"start":{"line":105,"column":2},"end":{"line":105,"column":19}},"45":{"start":{"line":106,"column":2},"end":{"line":106,"column":62}},"46":{"start":{"line":107,"column":2},"end":{"line":107,"column":33}},"47":{"start":{"line":109,"column":0},"end":{"line":109,"column":46}},"48":{"start":{"line":110,"column":0},"end":{"line":110,"column":60}},"49":{"start":{"line":112,"column":0},"end":{"line":115,"column":1}},"50":{"start":{"line":113,"column":2},"end":{"line":113,"column":31}},"51":{"start":{"line":114,"column":2},"end":{"line":114,"column":74}},"52":{"start":{"line":116,"column":0},"end":{"line":116,"column":76}},"53":{"start":{"line":117,"column":0},"end":{"line":117,"column":66}},"54":{"start":{"line":119,"column":0},"end":{"line":122,"column":1}},"55":{"start":{"line":120,"column":2},"end":{"line":120,"column":31}},"56":{"start":{"line":121,"column":2},"end":{"line":121,"column":65}},"57":{"start":{"line":123,"column":0},"end":{"line":123,"column":79}},"58":{"start":{"line":124,"column":0},"end":{"line":124,"column":72}},"59":{"start":{"line":126,"column":0},"end":{"line":129,"column":1}},"60":{"start":{"line":127,"column":2},"end":{"line":127,"column":31}},"61":{"start":{"line":128,"column":2},"end":{"line":128,"column":44}},"62":{"start":{"line":130,"column":0},"end":{"line":130,"column":80}},"63":{"start":{"line":131,"column":0},"end":{"line":131,"column":74}},"64":{"start":{"line":135,"column":0},"end":{"line":143,"column":2}},"65":{"start":{"line":136,"column":2},"end":{"line":138,"column":3}},"66":{"start":{"line":137,"column":4},"end":{"line":137,"column":38}},"67":{"start":{"line":140,"column":2},"end":{"line":142,"column":5}},"68":{"start":{"line":141,"column":4},"end":{"line":141,"column":84}},"69":{"start":{"line":145,"column":0},"end":{"line":155,"column":2}},"70":{"start":{"line":147,"column":2},"end":{"line":147,"column":27}},"71":{"start":{"line":148,"column":2},"end":{"line":154,"column":3}},"72":{"start":{"line":149,"column":4},"end":{"line":149,"column":56}},"73":{"start":{"line":150,"column":4},"end":{"line":150,"column":33}},"74":{"start":{"line":151,"column":4},"end":{"line":151,"column":38}},"75":{"start":{"line":152,"column":4},"end":{"line":152,"column":31}},"76":{"start":{"line":153,"column":4},"end":{"line":153,"column":14}},"77":{"start":{"line":157,"column":0},"end":{"line":177,"column":2}},"78":{"start":{"line":160,"column":2},"end":{"line":176,"column":3}},"79":{"start":{"line":162,"column":4},"end":{"line":162,"column":24}},"80":{"start":{"line":163,"column":4},"end":{"line":173,"column":5}},"81":{"start":{"line":164,"column":6},"end":{"line":164,"column":22}},"82":{"start":{"line":165,"column":6},"end":{"line":165,"column":26}},"83":{"start":{"line":167,"column":6},"end":{"line":172,"column":7}},"84":{"start":{"line":168,"column":8},"end":{"line":168,"column":63}},"85":{"start":{"line":169,"column":8},"end":{"line":169,"column":23}},"86":{"start":{"line":170,"column":8},"end":{"line":170,"column":20}},"87":{"start":{"line":171,"column":8},"end":{"line":171,"column":24}},"88":{"start":{"line":175,"column":4},"end":{"line":175,"column":25}},"89":{"start":{"line":175,"column":18},"end":{"line":175,"column":25}},"90":{"start":{"line":185,"column":0},"end":{"line":190,"column":2}},"91":{"start":{"line":186,"column":2},"end":{"line":188,"column":3}},"92":{"start":{"line":187,"column":4},"end":{"line":187,"column":30}},"93":{"start":{"line":189,"column":2},"end":{"line":189,"column":64}},"94":{"start":{"line":198,"column":0},"end":{"line":202,"column":2}},"95":{"start":{"line":199,"column":2},"end":{"line":201,"column":76}},"96":{"start":{"line":200,"column":4},"end":{"line":200,"column":33}},"97":{"start":{"line":201,"column":9},"end":{"line":201,"column":76}},"98":{"start":{"line":210,"column":0},"end":{"line":215,"column":2}},"99":{"start":{"line":211,"column":2},"end":{"line":211,"column":32}},"100":{"start":{"line":211,"column":20},"end":{"line":211,"column":32}},"101":{"start":{"line":212,"column":2},"end":{"line":214,"column":70}},"102":{"start":{"line":213,"column":4},"end":{"line":213,"column":29}},"103":{"start":{"line":214,"column":9},"end":{"line":214,"column":70}},"104":{"start":{"line":236,"column":0},"end":{"line":260,"column":2}},"105":{"start":{"line":237,"column":2},"end":{"line":237,"column":91}},"106":{"start":{"line":239,"column":2},"end":{"line":239,"column":81}},"107":{"start":{"line":240,"column":2},"end":{"line":258,"column":3}},"108":{"start":{"line":241,"column":4},"end":{"line":241,"column":22}},"109":{"start":{"line":242,"column":9},"end":{"line":258,"column":3}},"110":{"start":{"line":243,"column":4},"end":{"line":247,"column":5}},"111":{"start":{"line":244,"column":6},"end":{"line":244,"column":31}},"112":{"start":{"line":246,"column":6},"end":{"line":246,"column":19}},"113":{"start":{"line":248,"column":9},"end":{"line":258,"column":3}},"114":{"start":{"line":249,"column":4},"end":{"line":249,"column":17}},"115":{"start":{"line":250,"column":9},"end":{"line":258,"column":3}},"116":{"start":{"line":254,"column":4},"end":{"line":256,"column":7}},"117":{"start":{"line":255,"column":6},"end":{"line":255,"column":32}},"118":{"start":{"line":257,"column":4},"end":{"line":257,"column":16}},"119":{"start":{"line":259,"column":2},"end":{"line":259,"column":36}},"120":{"start":{"line":280,"column":0},"end":{"line":303,"column":2}},"121":{"start":{"line":281,"column":2},"end":{"line":281,"column":92}},"122":{"start":{"line":283,"column":2},"end":{"line":283,"column":54}},"123":{"start":{"line":284,"column":2},"end":{"line":284,"column":38}},"124":{"start":{"line":285,"column":2},"end":{"line":285,"column":27}},"125":{"start":{"line":286,"column":2},"end":{"line":286,"column":33}},"126":{"start":{"line":287,"column":2},"end":{"line":287,"column":28}},"127":{"start":{"line":288,"column":2},"end":{"line":293,"column":4}},"128":{"start":{"line":289,"column":4},"end":{"line":292,"column":6}},"129":{"start":{"line":300,"column":2},"end":{"line":302,"column":4}},"130":{"start":{"line":301,"column":4},"end":{"line":301,"column":86}},"131":{"start":{"line":313,"column":0},"end":{"line":341,"column":2}},"132":{"start":{"line":314,"column":2},"end":{"line":314,"column":100}},"133":{"start":{"line":315,"column":2},"end":{"line":315,"column":90}},"134":{"start":{"line":317,"column":2},"end":{"line":320,"column":3}},"135":{"start":{"line":318,"column":4},"end":{"line":318,"column":113}},"136":{"start":{"line":319,"column":4},"end":{"line":319,"column":14}},"137":{"start":{"line":321,"column":2},"end":{"line":323,"column":5}},"138":{"start":{"line":322,"column":4},"end":{"line":322,"column":44}},"139":{"start":{"line":324,"column":2},"end":{"line":339,"column":3}},"140":{"start":{"line":325,"column":4},"end":{"line":336,"column":9}},"141":{"start":{"line":326,"column":6},"end":{"line":326,"column":121}},"142":{"start":{"line":327,"column":6},"end":{"line":327,"column":23}},"143":{"start":{"line":328,"column":6},"end":{"line":332,"column":9}},"144":{"start":{"line":329,"column":8},"end":{"line":331,"column":15}},"145":{"start":{"line":330,"column":10},"end":{"line":330,"column":30}},"146":{"start":{"line":333,"column":6},"end":{"line":335,"column":8}},"147":{"start":{"line":338,"column":4},"end":{"line":338,"column":48}},"148":{"start":{"line":338,"column":34},"end":{"line":338,"column":48}},"149":{"start":{"line":340,"column":2},"end":{"line":340,"column":15}},"150":{"start":{"line":349,"column":0},"end":{"line":589,"column":2}},"151":{"start":{"line":350,"column":2},"end":{"line":350,"column":56}},"152":{"start":{"line":351,"column":2},"end":{"line":360,"column":40}},"153":{"start":{"line":362,"column":2},"end":{"line":362,"column":28}},"154":{"start":{"line":363,"column":2},"end":{"line":363,"column":29}},"155":{"start":{"line":371,"column":2},"end":{"line":378,"column":4}},"156":{"start":{"line":372,"column":4},"end":{"line":376,"column":5}},"157":{"start":{"line":373,"column":6},"end":{"line":375,"column":7}},"158":{"start":{"line":374,"column":8},"end":{"line":374,"column":31}},"159":{"start":{"line":377,"column":4},"end":{"line":377,"column":76}},"160":{"start":{"line":384,"column":2},"end":{"line":392,"column":4}},"161":{"start":{"line":385,"column":4},"end":{"line":386,"column":22}},"162":{"start":{"line":387,"column":4},"end":{"line":391,"column":21}},"163":{"start":{"line":388,"column":6},"end":{"line":388,"column":18}},"164":{"start":{"line":389,"column":11},"end":{"line":391,"column":21}},"165":{"start":{"line":390,"column":6},"end":{"line":390,"column":56}},"166":{"start":{"line":391,"column":11},"end":{"line":391,"column":21}},"167":{"start":{"line":397,"column":2},"end":{"line":397,"column":22}},"168":{"start":{"line":402,"column":2},"end":{"line":402,"column":15}},"169":{"start":{"line":407,"column":2},"end":{"line":407,"column":21}},"170":{"start":{"line":412,"column":2},"end":{"line":412,"column":100}},"171":{"start":{"line":418,"column":2},"end":{"line":418,"column":33}},"172":{"start":{"line":424,"column":2},"end":{"line":426,"column":3}},"173":{"start":{"line":425,"column":4},"end":{"line":425,"column":144}},"174":{"start":{"line":427,"column":2},"end":{"line":427,"column":73}},"175":{"start":{"line":432,"column":2},"end":{"line":432,"column":65}},"176":{"start":{"line":437,"column":2},"end":{"line":454,"column":11}},"177":{"start":{"line":438,"column":4},"end":{"line":453,"column":6}},"178":{"start":{"line":439,"column":6},"end":{"line":439,"column":25}},"179":{"start":{"line":442,"column":6},"end":{"line":451,"column":7}},"180":{"start":{"line":443,"column":8},"end":{"line":443,"column":38}},"181":{"start":{"line":444,"column":8},"end":{"line":444,"column":14}},"182":{"start":{"line":445,"column":8},"end":{"line":449,"column":9}},"183":{"start":{"line":446,"column":10},"end":{"line":446,"column":31}},"184":{"start":{"line":448,"column":10},"end":{"line":448,"column":41}},"185":{"start":{"line":450,"column":8},"end":{"line":450,"column":21}},"186":{"start":{"line":452,"column":6},"end":{"line":452,"column":30}},"187":{"start":{"line":459,"column":2},"end":{"line":459,"column":66}},"188":{"start":{"line":464,"column":2},"end":{"line":464,"column":66}},"189":{"start":{"line":470,"column":2},"end":{"line":470,"column":63}},"190":{"start":{"line":475,"column":2},"end":{"line":484,"column":4}},"191":{"start":{"line":476,"column":4},"end":{"line":476,"column":62}},"192":{"start":{"line":476,"column":55},"end":{"line":476,"column":62}},"193":{"start":{"line":477,"column":4},"end":{"line":483,"column":5}},"194":{"start":{"line":478,"column":6},"end":{"line":480,"column":7}},"195":{"start":{"line":479,"column":8},"end":{"line":479,"column":46}},"196":{"start":{"line":482,"column":6},"end":{"line":482,"column":30}},"197":{"start":{"line":489,"column":2},"end":{"line":513,"column":4}},"198":{"start":{"line":490,"column":4},"end":{"line":490,"column":23}},"199":{"start":{"line":491,"column":4},"end":{"line":498,"column":5}},"200":{"start":{"line":492,"column":6},"end":{"line":492,"column":43}},"201":{"start":{"line":494,"column":6},"end":{"line":494,"column":23}},"202":{"start":{"line":495,"column":6},"end":{"line":495,"column":23}},"203":{"start":{"line":497,"column":6},"end":{"line":497,"column":23}},"204":{"start":{"line":499,"column":4},"end":{"line":512,"column":6}},"205":{"start":{"line":507,"column":8},"end":{"line":507,"column":26}},"206":{"start":{"line":520,"column":2},"end":{"line":557,"column":4}},"207":{"start":{"line":521,"column":4},"end":{"line":521,"column":50}},"208":{"start":{"line":521,"column":37},"end":{"line":521,"column":50}},"209":{"start":{"line":522,"column":4},"end":{"line":522,"column":30}},"210":{"start":{"line":523,"column":4},"end":{"line":523,"column":41}},"211":{"start":{"line":524,"column":4},"end":{"line":524,"column":34}},"212":{"start":{"line":525,"column":4},"end":{"line":525,"column":35}},"213":{"start":{"line":527,"column":4},"end":{"line":550,"column":5}},"214":{"start":{"line":528,"column":6},"end":{"line":536,"column":7}},"215":{"start":{"line":529,"column":8},"end":{"line":529,"column":57}},"216":{"start":{"line":531,"column":8},"end":{"line":531,"column":31}},"217":{"start":{"line":532,"column":8},"end":{"line":532,"column":31}},"218":{"start":{"line":534,"column":8},"end":{"line":534,"column":100}},"219":{"start":{"line":535,"column":8},"end":{"line":535,"column":35}},"220":{"start":{"line":535,"column":29},"end":{"line":535,"column":35}},"221":{"start":{"line":538,"column":6},"end":{"line":538,"column":31}},"222":{"start":{"line":539,"column":6},"end":{"line":539,"column":27}},"223":{"start":{"line":541,"column":6},"end":{"line":549,"column":7}},"224":{"start":{"line":542,"column":8},"end":{"line":544,"column":9}},"225":{"start":{"line":543,"column":10},"end":{"line":543,"column":32}},"226":{"start":{"line":546,"column":8},"end":{"line":548,"column":9}},"227":{"start":{"line":547,"column":10},"end":{"line":547,"column":31}},"228":{"start":{"line":552,"column":4},"end":{"line":556,"column":118}},"229":{"start":{"line":553,"column":6},"end":{"line":555,"column":9}},"230":{"start":{"line":554,"column":8},"end":{"line":554,"column":29}},"231":{"start":{"line":564,"column":2},"end":{"line":574,"column":4}},"232":{"start":{"line":566,"column":4},"end":{"line":573,"column":5}},"233":{"start":{"line":567,"column":6},"end":{"line":567,"column":89}},"234":{"start":{"line":569,"column":6},"end":{"line":569,"column":32}},"235":{"start":{"line":570,"column":6},"end":{"line":572,"column":7}},"236":{"start":{"line":571,"column":8},"end":{"line":571,"column":38}},"237":{"start":{"line":575,"column":2},"end":{"line":580,"column":4}},"238":{"start":{"line":576,"column":4},"end":{"line":578,"column":7}},"239":{"start":{"line":577,"column":6},"end":{"line":577,"column":30}},"240":{"start":{"line":579,"column":4},"end":{"line":579,"column":34}},"241":{"start":{"line":581,"column":2},"end":{"line":588,"column":4}},"242":{"start":{"line":583,"column":4},"end":{"line":583,"column":22}},"243":{"start":{"line":584,"column":4},"end":{"line":584,"column":31}},"244":{"start":{"line":585,"column":4},"end":{"line":587,"column":5}},"245":{"start":{"line":586,"column":6},"end":{"line":586,"column":24}},"246":{"start":{"line":597,"column":0},"end":{"line":606,"column":2}},"247":{"start":{"line":598,"column":2},"end":{"line":599,"column":17}},"248":{"start":{"line":601,"column":2},"end":{"line":604,"column":3}},"249":{"start":{"line":602,"column":4},"end":{"line":602,"column":60}},"250":{"start":{"line":603,"column":4},"end":{"line":603,"column":18}},"251":{"start":{"line":605,"column":2},"end":{"line":605,"column":15}},"252":{"start":{"line":613,"column":0},"end":{"line":897,"column":2}},"253":{"start":{"line":614,"column":2},"end":{"line":614,"column":19}},"254":{"start":{"line":616,"column":2},"end":{"line":616,"column":44}},"255":{"start":{"line":617,"column":2},"end":{"line":620,"column":45}},"256":{"start":{"line":621,"column":2},"end":{"line":621,"column":25}},"257":{"start":{"line":623,"column":2},"end":{"line":623,"column":43}},"258":{"start":{"line":624,"column":2},"end":{"line":628,"column":4}},"259":{"start":{"line":625,"column":4},"end":{"line":627,"column":7}},"260":{"start":{"line":626,"column":6},"end":{"line":626,"column":48}},"261":{"start":{"line":629,"column":2},"end":{"line":629,"column":69}},"262":{"start":{"line":630,"column":2},"end":{"line":632,"column":4}},"263":{"start":{"line":631,"column":4},"end":{"line":631,"column":71}},"264":{"start":{"line":639,"column":2},"end":{"line":639,"column":15}},"265":{"start":{"line":645,"column":2},"end":{"line":645,"column":43}},"266":{"start":{"line":650,"column":2},"end":{"line":650,"column":67}},"267":{"start":{"line":655,"column":2},"end":{"line":655,"column":22}},"268":{"start":{"line":660,"column":2},"end":{"line":662,"column":3}},"269":{"start":{"line":661,"column":4},"end":{"line":661,"column":144}},"270":{"start":{"line":663,"column":2},"end":{"line":663,"column":108}},"271":{"start":{"line":668,"column":2},"end":{"line":681,"column":4}},"272":{"start":{"line":670,"column":4},"end":{"line":670,"column":48}},"273":{"start":{"line":670,"column":35},"end":{"line":670,"column":48}},"274":{"start":{"line":676,"column":4},"end":{"line":676,"column":56}},"275":{"start":{"line":676,"column":43},"end":{"line":676,"column":56}},"276":{"start":{"line":677,"column":4},"end":{"line":677,"column":65}},"277":{"start":{"line":678,"column":4},"end":{"line":680,"column":13}},"278":{"start":{"line":679,"column":6},"end":{"line":679,"column":54}},"279":{"start":{"line":686,"column":2},"end":{"line":698,"column":4}},"280":{"start":{"line":688,"column":4},"end":{"line":688,"column":41}},"281":{"start":{"line":688,"column":28},"end":{"line":688,"column":41}},"282":{"start":{"line":689,"column":4},"end":{"line":691,"column":33}},"283":{"start":{"line":690,"column":6},"end":{"line":690,"column":34}},"284":{"start":{"line":691,"column":21},"end":{"line":691,"column":33}},"285":{"start":{"line":692,"column":4},"end":{"line":696,"column":5}},"286":{"start":{"line":693,"column":6},"end":{"line":695,"column":7}},"287":{"start":{"line":694,"column":8},"end":{"line":694,"column":20}},"288":{"start":{"line":697,"column":4},"end":{"line":697,"column":17}},"289":{"start":{"line":708,"column":2},"end":{"line":748,"column":4}},"290":{"start":{"line":709,"column":4},"end":{"line":709,"column":90}},"291":{"start":{"line":710,"column":4},"end":{"line":710,"column":98}},"292":{"start":{"line":712,"column":4},"end":{"line":714,"column":7}},"293":{"start":{"line":713,"column":6},"end":{"line":713,"column":27}},"294":{"start":{"line":715,"column":4},"end":{"line":743,"column":5}},"295":{"start":{"line":716,"column":6},"end":{"line":716,"column":44}},"296":{"start":{"line":717,"column":6},"end":{"line":717,"column":37}},"297":{"start":{"line":718,"column":6},"end":{"line":718,"column":38}},"298":{"start":{"line":720,"column":6},"end":{"line":742,"column":7}},"299":{"start":{"line":721,"column":8},"end":{"line":728,"column":9}},"300":{"start":{"line":722,"column":10},"end":{"line":722,"column":31}},"301":{"start":{"line":724,"column":10},"end":{"line":724,"column":54}},"302":{"start":{"line":725,"column":10},"end":{"line":727,"column":11}},"303":{"start":{"line":726,"column":12},"end":{"line":726,"column":18}},"304":{"start":{"line":730,"column":8},"end":{"line":730,"column":34}},"305":{"start":{"line":731,"column":8},"end":{"line":731,"column":30}},"306":{"start":{"line":733,"column":8},"end":{"line":741,"column":9}},"307":{"start":{"line":734,"column":10},"end":{"line":736,"column":11}},"308":{"start":{"line":735,"column":12},"end":{"line":735,"column":35}},"309":{"start":{"line":738,"column":10},"end":{"line":740,"column":11}},"310":{"start":{"line":739,"column":12},"end":{"line":739,"column":34}},"311":{"start":{"line":744,"column":4},"end":{"line":746,"column":5}},"312":{"start":{"line":745,"column":6},"end":{"line":745,"column":22}},"313":{"start":{"line":747,"column":4},"end":{"line":747,"column":76}},"314":{"start":{"line":755,"column":2},"end":{"line":770,"column":4}},"315":{"start":{"line":756,"column":4},"end":{"line":756,"column":38}},"316":{"start":{"line":756,"column":29},"end":{"line":756,"column":38}},"317":{"start":{"line":757,"column":4},"end":{"line":769,"column":5}},"318":{"start":{"line":760,"column":6},"end":{"line":760,"column":74}},"319":{"start":{"line":760,"column":65},"end":{"line":760,"column":74}},"320":{"start":{"line":764,"column":6},"end":{"line":768,"column":7}},"321":{"start":{"line":765,"column":8},"end":{"line":765,"column":18}},"322":{"start":{"line":766,"column":13},"end":{"line":768,"column":7}},"323":{"start":{"line":767,"column":8},"end":{"line":767,"column":17}},"324":{"start":{"line":774,"column":2},"end":{"line":817,"column":4}},"325":{"start":{"line":775,"column":4},"end":{"line":775,"column":13}},"326":{"start":{"line":776,"column":4},"end":{"line":778,"column":7}},"327":{"start":{"line":777,"column":6},"end":{"line":777,"column":16}},"328":{"start":{"line":780,"column":4},"end":{"line":780,"column":38}},"329":{"start":{"line":782,"column":4},"end":{"line":784,"column":7}},"330":{"start":{"line":783,"column":6},"end":{"line":783,"column":27}},"331":{"start":{"line":786,"column":4},"end":{"line":786,"column":40}},"332":{"start":{"line":786,"column":33},"end":{"line":786,"column":40}},"333":{"start":{"line":788,"column":4},"end":{"line":790,"column":7}},"334":{"start":{"line":789,"column":6},"end":{"line":789,"column":29}},"335":{"start":{"line":791,"column":4},"end":{"line":793,"column":7}},"336":{"start":{"line":792,"column":6},"end":{"line":792,"column":28}},"337":{"start":{"line":794,"column":4},"end":{"line":796,"column":22}},"338":{"start":{"line":795,"column":6},"end":{"line":795,"column":46}},"339":{"start":{"line":797,"column":4},"end":{"line":797,"column":23}},"340":{"start":{"line":798,"column":4},"end":{"line":798,"column":62}},"341":{"start":{"line":799,"column":4},"end":{"line":799,"column":35}},"342":{"start":{"line":801,"column":4},"end":{"line":805,"column":5}},"343":{"start":{"line":803,"column":6},"end":{"line":803,"column":109}},"344":{"start":{"line":804,"column":6},"end":{"line":804,"column":53}},"345":{"start":{"line":806,"column":4},"end":{"line":811,"column":5}},"346":{"start":{"line":807,"column":6},"end":{"line":810,"column":7}},"347":{"start":{"line":808,"column":8},"end":{"line":808,"column":44}},"348":{"start":{"line":809,"column":8},"end":{"line":809,"column":12}},"349":{"start":{"line":812,"column":4},"end":{"line":812,"column":142}},"350":{"start":{"line":813,"column":4},"end":{"line":813,"column":32}},"351":{"start":{"line":814,"column":4},"end":{"line":816,"column":7}},"352":{"start":{"line":815,"column":6},"end":{"line":815,"column":27}},"353":{"start":{"line":819,"column":2},"end":{"line":833,"column":22}},"354":{"start":{"line":820,"column":4},"end":{"line":824,"column":5}},"355":{"start":{"line":821,"column":6},"end":{"line":821,"column":36}},"356":{"start":{"line":822,"column":6},"end":{"line":822,"column":24}},"357":{"start":{"line":823,"column":6},"end":{"line":823,"column":15}},"358":{"start":{"line":826,"column":4},"end":{"line":829,"column":5}},"359":{"start":{"line":827,"column":6},"end":{"line":827,"column":62}},"360":{"start":{"line":828,"column":6},"end":{"line":828,"column":16}},"361":{"start":{"line":830,"column":4},"end":{"line":832,"column":7}},"362":{"start":{"line":831,"column":6},"end":{"line":831,"column":45}},"363":{"start":{"line":834,"column":2},"end":{"line":834,"column":170}},"364":{"start":{"line":840,"column":2},"end":{"line":844,"column":4}},"365":{"start":{"line":841,"column":4},"end":{"line":841,"column":78}},"366":{"start":{"line":841,"column":45},"end":{"line":841,"column":78}},"367":{"start":{"line":842,"column":4},"end":{"line":842,"column":114}},"368":{"start":{"line":842,"column":37},"end":{"line":842,"column":114}},"369":{"start":{"line":843,"column":4},"end":{"line":843,"column":48}},"370":{"start":{"line":846,"column":2},"end":{"line":848,"column":55}},"371":{"start":{"line":847,"column":4},"end":{"line":847,"column":39}},"372":{"start":{"line":853,"column":2},"end":{"line":864,"column":4}},"373":{"start":{"line":854,"column":4},"end":{"line":863,"column":6}},"374":{"start":{"line":857,"column":8},"end":{"line":857,"column":26}},"375":{"start":{"line":861,"column":8},"end":{"line":861,"column":26}},"376":{"start":{"line":872,"column":2},"end":{"line":883,"column":4}},"377":{"start":{"line":874,"column":4},"end":{"line":882,"column":13}},"378":{"start":{"line":875,"column":6},"end":{"line":877,"column":9}},"379":{"start":{"line":876,"column":8},"end":{"line":876,"column":29}},"380":{"start":{"line":879,"column":6},"end":{"line":881,"column":9}},"381":{"start":{"line":880,"column":8},"end":{"line":880,"column":29}},"382":{"start":{"line":888,"column":2},"end":{"line":896,"column":4}},"383":{"start":{"line":889,"column":4},"end":{"line":889,"column":71}},"384":{"start":{"line":890,"column":4},"end":{"line":894,"column":7}},"385":{"start":{"line":891,"column":6},"end":{"line":893,"column":9}},"386":{"start":{"line":892,"column":8},"end":{"line":892,"column":30}},"387":{"start":{"line":895,"column":4},"end":{"line":895,"column":18}},"388":{"start":{"line":903,"column":0},"end":{"line":908,"column":2}},"389":{"start":{"line":904,"column":2},"end":{"line":904,"column":51}},"390":{"start":{"line":905,"column":2},"end":{"line":907,"column":5}},"391":{"start":{"line":906,"column":4},"end":{"line":906,"column":23}},"392":{"start":{"line":915,"column":0},"end":{"line":941,"column":2}},"393":{"start":{"line":916,"column":2},"end":{"line":916,"column":105}},"394":{"start":{"line":918,"column":2},"end":{"line":925,"column":4}},"395":{"start":{"line":920,"column":4},"end":{"line":920,"column":91}},"396":{"start":{"line":921,"column":4},"end":{"line":921,"column":53}},"397":{"start":{"line":922,"column":4},"end":{"line":924,"column":7}},"398":{"start":{"line":923,"column":6},"end":{"line":923,"column":34}},"399":{"start":{"line":927,"column":2},"end":{"line":929,"column":3}},"400":{"start":{"line":928,"column":4},"end":{"line":928,"column":85}},"401":{"start":{"line":930,"column":2},"end":{"line":932,"column":3}},"402":{"start":{"line":931,"column":4},"end":{"line":931,"column":106}},"403":{"start":{"line":933,"column":2},"end":{"line":935,"column":3}},"404":{"start":{"line":934,"column":4},"end":{"line":934,"column":28}},"405":{"start":{"line":936,"column":2},"end":{"line":936,"column":40}},"406":{"start":{"line":937,"column":2},"end":{"line":937,"column":41}},"407":{"start":{"line":938,"column":2},"end":{"line":938,"column":22}},"408":{"start":{"line":939,"column":2},"end":{"line":939,"column":58}},"409":{"start":{"line":947,"column":0},"end":{"line":956,"column":2}},"410":{"start":{"line":948,"column":2},"end":{"line":950,"column":5}},"411":{"start":{"line":949,"column":4},"end":{"line":949,"column":30}},"412":{"start":{"line":951,"column":2},"end":{"line":953,"column":3}},"413":{"start":{"line":952,"column":4},"end":{"line":952,"column":76}},"414":{"start":{"line":954,"column":2},"end":{"line":954,"column":32}},"415":{"start":{"line":955,"column":2},"end":{"line":955,"column":22}},"416":{"start":{"line":963,"column":0},"end":{"line":980,"column":2}},"417":{"start":{"line":964,"column":2},"end":{"line":964,"column":68}},"418":{"start":{"line":965,"column":2},"end":{"line":965,"column":39}},"419":{"start":{"line":966,"column":2},"end":{"line":966,"column":50}},"420":{"start":{"line":967,"column":2},"end":{"line":967,"column":100}},"421":{"start":{"line":968,"column":2},"end":{"line":968,"column":95}},"422":{"start":{"line":969,"column":2},"end":{"line":969,"column":242}},"423":{"start":{"line":970,"column":2},"end":{"line":972,"column":11}},"424":{"start":{"line":971,"column":4},"end":{"line":971,"column":62}},"425":{"start":{"line":974,"column":2},"end":{"line":978,"column":3}},"426":{"start":{"line":975,"column":4},"end":{"line":975,"column":42}},"427":{"start":{"line":976,"column":4},"end":{"line":976,"column":26}},"428":{"start":{"line":977,"column":4},"end":{"line":977,"column":11}},"429":{"start":{"line":979,"column":2},"end":{"line":979,"column":215}},"430":{"start":{"line":986,"column":0},"end":{"line":996,"column":2}},"431":{"start":{"line":987,"column":2},"end":{"line":987,"column":44}},"432":{"start":{"line":988,"column":2},"end":{"line":990,"column":5}},"433":{"start":{"line":989,"column":4},"end":{"line":989,"column":30}},"434":{"start":{"line":991,"column":2},"end":{"line":991,"column":40}},"435":{"start":{"line":992,"column":2},"end":{"line":992,"column":24}},"436":{"start":{"line":993,"column":2},"end":{"line":995,"column":3}},"437":{"start":{"line":994,"column":4},"end":{"line":994,"column":103}},"438":{"start":{"line":1003,"column":0},"end":{"line":1003,"column":24}},"439":{"start":{"line":1011,"column":0},"end":{"line":1033,"column":2}},"440":{"start":{"line":1012,"column":2},"end":{"line":1013,"column":12}},"441":{"start":{"line":1014,"column":2},"end":{"line":1021,"column":3}},"442":{"start":{"line":1015,"column":4},"end":{"line":1015,"column":29}},"443":{"start":{"line":1016,"column":4},"end":{"line":1016,"column":92}},"444":{"start":{"line":1017,"column":4},"end":{"line":1017,"column":30}},"445":{"start":{"line":1018,"column":4},"end":{"line":1020,"column":5}},"446":{"start":{"line":1019,"column":6},"end":{"line":1019,"column":31}},"447":{"start":{"line":1022,"column":2},"end":{"line":1022,"column":36}},"448":{"start":{"line":1023,"column":2},"end":{"line":1023,"column":28}},"449":{"start":{"line":1024,"column":2},"end":{"line":1024,"column":80}},"450":{"start":{"line":1025,"column":2},"end":{"line":1027,"column":23}},"451":{"start":{"line":1026,"column":4},"end":{"line":1026,"column":23}},"452":{"start":{"line":1028,"column":2},"end":{"line":1032,"column":5}},"453":{"start":{"line":1040,"column":0},"end":{"line":1045,"column":2}},"454":{"start":{"line":1041,"column":2},"end":{"line":1044,"column":4}},"455":{"start":{"line":1053,"column":0},"end":{"line":1089,"column":2}},"456":{"start":{"line":1054,"column":2},"end":{"line":1054,"column":22}},"457":{"start":{"line":1055,"column":2},"end":{"line":1055,"column":19}},"458":{"start":{"line":1056,"column":2},"end":{"line":1056,"column":61}},"459":{"start":{"line":1057,"column":2},"end":{"line":1057,"column":38}},"460":{"start":{"line":1058,"column":2},"end":{"line":1058,"column":34}},"461":{"start":{"line":1059,"column":2},"end":{"line":1059,"column":38}},"462":{"start":{"line":1065,"column":2},"end":{"line":1065,"column":27}},"463":{"start":{"line":1070,"column":2},"end":{"line":1070,"column":63}},"464":{"start":{"line":1075,"column":2},"end":{"line":1080,"column":5}},"465":{"start":{"line":1077,"column":4},"end":{"line":1077,"column":33}},"466":{"start":{"line":1079,"column":4},"end":{"line":1079,"column":13}},"467":{"start":{"line":1081,"column":2},"end":{"line":1083,"column":5}},"468":{"start":{"line":1082,"column":4},"end":{"line":1082,"column":29}},"469":{"start":{"line":1088,"column":2},"end":{"line":1088,"column":71}},"470":{"start":{"line":1097,"column":0},"end":{"line":1105,"column":2}},"471":{"start":{"line":1098,"column":2},"end":{"line":1104,"column":4}},"472":{"start":{"line":1102,"column":6},"end":{"line":1102,"column":24}},"473":{"start":{"line":1113,"column":0},"end":{"line":1123,"column":2}},"474":{"start":{"line":1114,"column":2},"end":{"line":1114,"column":32}},"475":{"start":{"line":1115,"column":2},"end":{"line":1115,"column":32}},"476":{"start":{"line":1116,"column":2},"end":{"line":1116,"column":46}},"477":{"start":{"line":1116,"column":33},"end":{"line":1116,"column":46}},"478":{"start":{"line":1117,"column":2},"end":{"line":1117,"column":46}},"479":{"start":{"line":1117,"column":33},"end":{"line":1117,"column":46}},"480":{"start":{"line":1118,"column":2},"end":{"line":1122,"column":11}},"481":{"start":{"line":1119,"column":4},"end":{"line":1121,"column":7}},"482":{"start":{"line":1120,"column":6},"end":{"line":1120,"column":27}},"483":{"start":{"line":1131,"column":0},"end":{"line":1140,"column":2}},"484":{"start":{"line":1132,"column":2},"end":{"line":1138,"column":3}},"485":{"start":{"line":1133,"column":4},"end":{"line":1133,"column":30}},"486":{"start":{"line":1134,"column":4},"end":{"line":1136,"column":7}},"487":{"start":{"line":1135,"column":6},"end":{"line":1135,"column":28}},"488":{"start":{"line":1137,"column":4},"end":{"line":1137,"column":20}},"489":{"start":{"line":1137,"column":11},"end":{"line":1137,"column":20}},"490":{"start":{"line":1139,"column":2},"end":{"line":1139,"column":69}},"491":{"start":{"line":1147,"column":0},"end":{"line":1151,"column":2}},"492":{"start":{"line":1148,"column":2},"end":{"line":1150,"column":5}},"493":{"start":{"line":1149,"column":4},"end":{"line":1149,"column":32}},"494":{"start":{"line":1159,"column":0},"end":{"line":1225,"column":2}},"495":{"start":{"line":1160,"column":2},"end":{"line":1160,"column":94}},"496":{"start":{"line":1162,"column":2},"end":{"line":1165,"column":3}},"497":{"start":{"line":1163,"column":4},"end":{"line":1163,"column":78}},"498":{"start":{"line":1164,"column":4},"end":{"line":1164,"column":16}},"499":{"start":{"line":1166,"column":2},"end":{"line":1195,"column":4}},"500":{"start":{"line":1167,"column":4},"end":{"line":1167,"column":30}},"501":{"start":{"line":1167,"column":21},"end":{"line":1167,"column":30}},"502":{"start":{"line":1168,"column":4},"end":{"line":1168,"column":42}},"503":{"start":{"line":1169,"column":4},"end":{"line":1169,"column":35}},"504":{"start":{"line":1170,"column":4},"end":{"line":1170,"column":36}},"505":{"start":{"line":1172,"column":4},"end":{"line":1194,"column":5}},"506":{"start":{"line":1173,"column":6},"end":{"line":1180,"column":7}},"507":{"start":{"line":1174,"column":8},"end":{"line":1174,"column":59}},"508":{"start":{"line":1176,"column":8},"end":{"line":1176,"column":35}},"509":{"start":{"line":1178,"column":8},"end":{"line":1178,"column":47}},"510":{"start":{"line":1179,"column":8},"end":{"line":1179,"column":32}},"511":{"start":{"line":1179,"column":19},"end":{"line":1179,"column":32}},"512":{"start":{"line":1182,"column":6},"end":{"line":1182,"column":32}},"513":{"start":{"line":1183,"column":6},"end":{"line":1183,"column":28}},"514":{"start":{"line":1185,"column":6},"end":{"line":1193,"column":7}},"515":{"start":{"line":1186,"column":8},"end":{"line":1188,"column":9}},"516":{"start":{"line":1187,"column":10},"end":{"line":1187,"column":33}},"517":{"start":{"line":1190,"column":8},"end":{"line":1192,"column":9}},"518":{"start":{"line":1191,"column":10},"end":{"line":1191,"column":32}},"519":{"start":{"line":1196,"column":2},"end":{"line":1196,"column":40}},"520":{"start":{"line":1197,"column":2},"end":{"line":1197,"column":33}},"521":{"start":{"line":1198,"column":2},"end":{"line":1198,"column":34}},"522":{"start":{"line":1200,"column":2},"end":{"line":1222,"column":3}},"523":{"start":{"line":1201,"column":4},"end":{"line":1208,"column":5}},"524":{"start":{"line":1202,"column":6},"end":{"line":1202,"column":57}},"525":{"start":{"line":1204,"column":6},"end":{"line":1204,"column":30}},"526":{"start":{"line":1206,"column":6},"end":{"line":1206,"column":48}},"527":{"start":{"line":1207,"column":6},"end":{"line":1207,"column":30}},"528":{"start":{"line":1207,"column":17},"end":{"line":1207,"column":30}},"529":{"start":{"line":1210,"column":4},"end":{"line":1210,"column":30}},"530":{"start":{"line":1211,"column":4},"end":{"line":1211,"column":26}},"531":{"start":{"line":1213,"column":4},"end":{"line":1221,"column":5}},"532":{"start":{"line":1214,"column":6},"end":{"line":1216,"column":7}},"533":{"start":{"line":1215,"column":8},"end":{"line":1215,"column":31}},"534":{"start":{"line":1218,"column":6},"end":{"line":1220,"column":7}},"535":{"start":{"line":1219,"column":8},"end":{"line":1219,"column":30}},"536":{"start":{"line":1224,"column":2},"end":{"line":1224,"column":90}},"537":{"start":{"line":1224,"column":19},"end":{"line":1224,"column":90}},"538":{"start":{"line":1227,"column":0},"end":{"line":1238,"column":2}},"539":{"start":{"line":1229,"column":2},"end":{"line":1237,"column":8}},"540":{"start":{"line":1230,"column":4},"end":{"line":1234,"column":5}},"541":{"start":{"line":1231,"column":6},"end":{"line":1231,"column":38}},"542":{"start":{"line":1233,"column":6},"end":{"line":1233,"column":19}},"543":{"start":{"line":1236,"column":4},"end":{"line":1236,"column":26}},"544":{"start":{"line":1245,"column":0},"end":{"line":1256,"column":2}},"545":{"start":{"line":1246,"column":2},"end":{"line":1246,"column":91}},"546":{"start":{"line":1248,"column":2},"end":{"line":1254,"column":3}},"547":{"start":{"line":1249,"column":4},"end":{"line":1253,"column":7}},"548":{"start":{"line":1250,"column":6},"end":{"line":1252,"column":9}},"549":{"start":{"line":1251,"column":8},"end":{"line":1251,"column":32}},"550":{"start":{"line":1255,"column":2},"end":{"line":1255,"column":33}},"551":{"start":{"line":1263,"column":0},"end":{"line":1269,"column":2}},"552":{"start":{"line":1265,"column":2},"end":{"line":1265,"column":41}},"553":{"start":{"line":1266,"column":2},"end":{"line":1266,"column":101}},"554":{"start":{"line":1267,"column":2},"end":{"line":1267,"column":31}},"555":{"start":{"line":1268,"column":2},"end":{"line":1268,"column":32}},"556":{"start":{"line":1276,"column":0},"end":{"line":1289,"column":2}},"557":{"start":{"line":1277,"column":2},"end":{"line":1277,"column":29}},"558":{"start":{"line":1278,"column":2},"end":{"line":1278,"column":66}},"559":{"start":{"line":1279,"column":2},"end":{"line":1281,"column":5}},"560":{"start":{"line":1280,"column":4},"end":{"line":1280,"column":30}},"561":{"start":{"line":1282,"column":2},"end":{"line":1282,"column":58}},"562":{"start":{"line":1283,"column":2},"end":{"line":1283,"column":34}},"563":{"start":{"line":1284,"column":2},"end":{"line":1284,"column":32}},"564":{"start":{"line":1285,"column":2},"end":{"line":1288,"column":3}},"565":{"start":{"line":1286,"column":4},"end":{"line":1286,"column":125}},"566":{"start":{"line":1287,"column":4},"end":{"line":1287,"column":118}},"567":{"start":{"line":1301,"column":0},"end":{"line":1324,"column":2}},"568":{"start":{"line":1302,"column":2},"end":{"line":1302,"column":128}},"569":{"start":{"line":1303,"column":2},"end":{"line":1303,"column":145}},"570":{"start":{"line":1304,"column":2},"end":{"line":1323,"column":28}},"571":{"start":{"line":1305,"column":4},"end":{"line":1305,"column":22}},"572":{"start":{"line":1307,"column":4},"end":{"line":1318,"column":5}},"573":{"start":{"line":1308,"column":6},"end":{"line":1308,"column":46}},"574":{"start":{"line":1309,"column":6},"end":{"line":1309,"column":94}},"575":{"start":{"line":1310,"column":6},"end":{"line":1310,"column":51}},"576":{"start":{"line":1311,"column":6},"end":{"line":1311,"column":37}},"577":{"start":{"line":1312,"column":6},"end":{"line":1312,"column":78}},"578":{"start":{"line":1314,"column":6},"end":{"line":1316,"column":7}},"579":{"start":{"line":1315,"column":8},"end":{"line":1315,"column":109}},"580":{"start":{"line":1317,"column":6},"end":{"line":1317,"column":50}},"581":{"start":{"line":1320,"column":4},"end":{"line":1322,"column":7}},"582":{"start":{"line":1321,"column":6},"end":{"line":1321,"column":38}},"583":{"start":{"line":1332,"column":0},"end":{"line":1353,"column":2}},"584":{"start":{"line":1333,"column":2},"end":{"line":1333,"column":20}},"585":{"start":{"line":1335,"column":2},"end":{"line":1335,"column":89}},"586":{"start":{"line":1337,"column":2},"end":{"line":1348,"column":3}},"587":{"start":{"line":1338,"column":4},"end":{"line":1341,"column":5}},"588":{"start":{"line":1339,"column":6},"end":{"line":1339,"column":43}},"589":{"start":{"line":1340,"column":6},"end":{"line":1340,"column":38}},"590":{"start":{"line":1342,"column":4},"end":{"line":1342,"column":43}},"591":{"start":{"line":1343,"column":4},"end":{"line":1343,"column":31}},"592":{"start":{"line":1344,"column":4},"end":{"line":1344,"column":126}},"593":{"start":{"line":1346,"column":4},"end":{"line":1346,"column":47}},"594":{"start":{"line":1347,"column":4},"end":{"line":1347,"column":37}},"595":{"start":{"line":1350,"column":2},"end":{"line":1352,"column":5}},"596":{"start":{"line":1351,"column":4},"end":{"line":1351,"column":30}},"597":{"start":{"line":1359,"column":0},"end":{"line":1411,"column":2}},"598":{"start":{"line":1360,"column":2},"end":{"line":1360,"column":56}},"599":{"start":{"line":1362,"column":2},"end":{"line":1364,"column":5}},"600":{"start":{"line":1363,"column":4},"end":{"line":1363,"column":31}},"601":{"start":{"line":1366,"column":2},"end":{"line":1368,"column":5}},"602":{"start":{"line":1367,"column":4},"end":{"line":1367,"column":32}},"603":{"start":{"line":1369,"column":2},"end":{"line":1369,"column":25}},"604":{"start":{"line":1371,"column":2},"end":{"line":1373,"column":5}},"605":{"start":{"line":1372,"column":4},"end":{"line":1372,"column":16}},"606":{"start":{"line":1375,"column":2},"end":{"line":1377,"column":5}},"607":{"start":{"line":1376,"column":4},"end":{"line":1376,"column":13}},"608":{"start":{"line":1378,"column":2},"end":{"line":1378,"column":21}},"609":{"start":{"line":1379,"column":2},"end":{"line":1379,"column":56}},"610":{"start":{"line":1381,"column":2},"end":{"line":1389,"column":3}},"611":{"start":{"line":1382,"column":4},"end":{"line":1382,"column":235}},"612":{"start":{"line":1383,"column":4},"end":{"line":1385,"column":7}},"613":{"start":{"line":1384,"column":6},"end":{"line":1384,"column":29}},"614":{"start":{"line":1386,"column":4},"end":{"line":1388,"column":7}},"615":{"start":{"line":1387,"column":6},"end":{"line":1387,"column":29}},"616":{"start":{"line":1392,"column":2},"end":{"line":1394,"column":3}},"617":{"start":{"line":1393,"column":4},"end":{"line":1393,"column":48}},"618":{"start":{"line":1397,"column":2},"end":{"line":1397,"column":12}},"619":{"start":{"line":1398,"column":2},"end":{"line":1403,"column":3}},"620":{"start":{"line":1399,"column":4},"end":{"line":1402,"column":5}},"621":{"start":{"line":1400,"column":6},"end":{"line":1400,"column":35}},"622":{"start":{"line":1401,"column":6},"end":{"line":1401,"column":10}},"623":{"start":{"line":1404,"column":2},"end":{"line":1406,"column":5}},"624":{"start":{"line":1405,"column":4},"end":{"line":1405,"column":27}},"625":{"start":{"line":1408,"column":2},"end":{"line":1408,"column":156}},"626":{"start":{"line":1410,"column":2},"end":{"line":1410,"column":35}},"627":{"start":{"line":1413,"column":0},"end":{"line":1415,"column":2}},"628":{"start":{"line":1414,"column":2},"end":{"line":1414,"column":25}},"629":{"start":{"line":1418,"column":0},"end":{"line":1418,"column":31}},"630":{"start":{"line":1419,"column":0},"end":{"line":1419,"column":30}},"631":{"start":{"line":1420,"column":0},"end":{"line":1420,"column":31}},"632":{"start":{"line":1421,"column":0},"end":{"line":1421,"column":31}},"633":{"start":{"line":1422,"column":0},"end":{"line":1422,"column":30}},"634":{"start":{"line":1423,"column":0},"end":{"line":1423,"column":31}},"635":{"start":{"line":1429,"column":0},"end":{"line":1431,"column":22}},"636":{"start":{"line":1433,"column":0},"end":{"line":1450,"column":2}},"637":{"start":{"line":1434,"column":2},"end":{"line":1434,"column":63}},"638":{"start":{"line":1435,"column":2},"end":{"line":1449,"column":3}},"639":{"start":{"line":1436,"column":4},"end":{"line":1436,"column":14}},"640":{"start":{"line":1438,"column":4},"end":{"line":1438,"column":29}},"641":{"start":{"line":1440,"column":4},"end":{"line":1440,"column":21}},"642":{"start":{"line":1442,"column":4},"end":{"line":1442,"column":27}},"643":{"start":{"line":1444,"column":4},"end":{"line":1448,"column":5}},"644":{"start":{"line":1445,"column":6},"end":{"line":1445,"column":45}},"645":{"start":{"line":1447,"column":6},"end":{"line":1447,"column":38}},"646":{"start":{"line":1461,"column":0},"end":{"line":1503,"column":2}},"647":{"start":{"line":1462,"column":2},"end":{"line":1465,"column":3}},"648":{"start":{"line":1463,"column":4},"end":{"line":1463,"column":40}},"649":{"start":{"line":1464,"column":4},"end":{"line":1464,"column":39}},"650":{"start":{"line":1467,"column":2},"end":{"line":1467,"column":18}},"651":{"start":{"line":1468,"column":2},"end":{"line":1468,"column":85}},"652":{"start":{"line":1469,"column":2},"end":{"line":1469,"column":21}},"653":{"start":{"line":1470,"column":2},"end":{"line":1470,"column":67}},"654":{"start":{"line":1471,"column":2},"end":{"line":1475,"column":5}},"655":{"start":{"line":1472,"column":4},"end":{"line":1474,"column":21}},"656":{"start":{"line":1473,"column":6},"end":{"line":1473,"column":21}},"657":{"start":{"line":1477,"column":2},"end":{"line":1478,"column":12}},"658":{"start":{"line":1479,"column":2},"end":{"line":1483,"column":4}},"659":{"start":{"line":1480,"column":4},"end":{"line":1482,"column":7}},"660":{"start":{"line":1481,"column":6},"end":{"line":1481,"column":21}},"661":{"start":{"line":1484,"column":2},"end":{"line":1488,"column":4}},"662":{"start":{"line":1485,"column":4},"end":{"line":1487,"column":7}},"663":{"start":{"line":1486,"column":6},"end":{"line":1486,"column":21}},"664":{"start":{"line":1489,"column":2},"end":{"line":1500,"column":3}},"665":{"start":{"line":1491,"column":4},"end":{"line":1499,"column":5}},"666":{"start":{"line":1492,"column":6},"end":{"line":1492,"column":47}},"667":{"start":{"line":1493,"column":6},"end":{"line":1493,"column":10}},"668":{"start":{"line":1494,"column":11},"end":{"line":1499,"column":5}},"669":{"start":{"line":1495,"column":6},"end":{"line":1495,"column":61}},"670":{"start":{"line":1496,"column":6},"end":{"line":1496,"column":10}},"671":{"start":{"line":1498,"column":6},"end":{"line":1498,"column":63}},"672":{"start":{"line":1501,"column":2},"end":{"line":1501,"column":69}},"673":{"start":{"line":1502,"column":2},"end":{"line":1502,"column":25}},"674":{"start":{"line":1509,"column":0},"end":{"line":1515,"column":2}},"675":{"start":{"line":1510,"column":2},"end":{"line":1510,"column":90}},"676":{"start":{"line":1511,"column":2},"end":{"line":1513,"column":5}},"677":{"start":{"line":1512,"column":4},"end":{"line":1512,"column":13}},"678":{"start":{"line":1514,"column":2},"end":{"line":1514,"column":59}},"679":{"start":{"line":1522,"column":0},"end":{"line":1524,"column":2}},"680":{"start":{"line":1523,"column":2},"end":{"line":1523,"column":25}},"681":{"start":{"line":1530,"column":0},"end":{"line":1532,"column":2}},"682":{"start":{"line":1531,"column":2},"end":{"line":1531,"column":36}},"683":{"start":{"line":1538,"column":0},"end":{"line":1540,"column":2}},"684":{"start":{"line":1539,"column":2},"end":{"line":1539,"column":33}},"685":{"start":{"line":1547,"column":0},"end":{"line":1549,"column":2}},"686":{"start":{"line":1548,"column":2},"end":{"line":1548,"column":31}},"687":{"start":{"line":1558,"column":0},"end":{"line":1576,"column":2}},"688":{"start":{"line":1559,"column":2},"end":{"line":1559,"column":11}},"689":{"start":{"line":1560,"column":2},"end":{"line":1572,"column":3}},"690":{"start":{"line":1561,"column":4},"end":{"line":1571,"column":5}},"691":{"start":{"line":1562,"column":6},"end":{"line":1562,"column":32}},"692":{"start":{"line":1563,"column":6},"end":{"line":1570,"column":7}},"693":{"start":{"line":1564,"column":8},"end":{"line":1564,"column":33}},"694":{"start":{"line":1565,"column":8},"end":{"line":1565,"column":26}},"695":{"start":{"line":1566,"column":8},"end":{"line":1566,"column":14}},"696":{"start":{"line":1567,"column":13},"end":{"line":1570,"column":7}},"697":{"start":{"line":1568,"column":8},"end":{"line":1568,"column":33}},"698":{"start":{"line":1569,"column":8},"end":{"line":1569,"column":14}},"699":{"start":{"line":1573,"column":2},"end":{"line":1573,"column":41}},"700":{"start":{"line":1574,"column":2},"end":{"line":1574,"column":58}},"701":{"start":{"line":1575,"column":2},"end":{"line":1575,"column":14}},"702":{"start":{"line":1585,"column":0},"end":{"line":1589,"column":2}},"703":{"start":{"line":1586,"column":2},"end":{"line":1586,"column":64}},"704":{"start":{"line":1586,"column":29},"end":{"line":1586,"column":64}},"705":{"sta
[...]
":1218,"column":6}},{"start":{"line":1218,"column":6},"end":{"line":1218,"column":6}}]},"138":{"line":1224,"type":"if","locations":[{"start":{"line":1224,"column":2},"end":{"line":1224,"column":2}},{"start":{"line":1224,"column":2},"end":{"line":1224,"column":2}}]},"139":{"line":1246,"type":"cond-expr","locations":[{"start":{"line":1246,"column":71},"end":{"line":1246,"column":75}},{"start":{"line":1246,"column":78},"end":{"line":1246,"column":90}}]},"140":{"line":1246,"type":"binary-expr","locations":[{"start":{"line":1246,"column":17},"end":{"line":1246,"column":38}},{"start":{"line":1246,"column":42},"end":{"line":1246,"column":68}}]},"141":{"line":1248,"type":"if","locations":[{"start":{"line":1248,"column":2},"end":{"line":1248,"column":2}},{"start":{"line":1248,"column":2},"end":{"line":1248,"column":2}}]},"142":{"line":1285,"type":"if","locations":[{"start":{"line":1285,"column":2},"end":{"line":1285,"column":2}},{"start":{"line":1285,"column":2},"end":{"line":1285,"column":2}}]},"143":{"line":1302,"type":"cond-expr","locations":[{"start":{"line":1302,"column":69},"end":{"line":1302,"column":112}},{"start":{"line":1302,"column":115},"end":{"line":1302,"column":127}}]},"144":{"line":1302,"type":"binary-expr","locations":[{"start":{"line":1302,"column":15},"end":{"line":1302,"column":36}},{"start":{"line":1302,"column":40},"end":{"line":1302,"column":66}}]},"145":{"line":1303,"type":"cond-expr","locations":[{"start":{"line":1303,"column":68},"end":{"line":1303,"column":129}},{"start":{"line":1303,"column":132},"end":{"line":1303,"column":144}}]},"146":{"line":1303,"type":"binary-expr","locations":[{"start":{"line":1303,"column":14},"end":{"line":1303,"column":35}},{"start":{"line":1303,"column":39},"end":{"line":1303,"column":65}}]},"147":{"line":1303,"type":"cond-expr","locations":[{"start":{"line":1303,"column":77},"end":{"line":1303,"column":100}},{"start":{"line":1303,"column":103},"end":{"line":1303,"column":129}}]},"148":{"line":1307,"type":"if","locations":[{"start":{"line":1307,"column":4},"end":{"line":1307,"column":4}},{"start":{"line":1307,"column":4},"end":{"line":1307,"column":4}}]},"149":{"line":1314,"type":"if","locations":[{"start":{"line":1314,"column":6},"end":{"line":1314,"column":6}},{"start":{"line":1314,"column":6},"end":{"line":1314,"column":6}}]},"150":{"line":1314,"type":"binary-expr","locations":[{"start":{"line":1314,"column":10},"end":{"line":1314,"column":28}},{"start":{"line":1314,"column":32},"end":{"line":1314,"column":51}}]},"151":{"line":1335,"type":"cond-expr","locations":[{"start":{"line":1335,"column":69},"end":{"line":1335,"column":73}},{"start":{"line":1335,"column":76},"end":{"line":1335,"column":88}}]},"152":{"line":1335,"type":"binary-expr","locations":[{"start":{"line":1335,"column":15},"end":{"line":1335,"column":36}},{"start":{"line":1335,"column":40},"end":{"line":1335,"column":66}}]},"153":{"line":1337,"type":"if","locations":[{"start":{"line":1337,"column":2},"end":{"line":1337,"column":2}},{"start":{"line":1337,"column":2},"end":{"line":1337,"column":2}}]},"154":{"line":1338,"type":"if","locations":[{"start":{"line":1338,"column":4},"end":{"line":1338,"column":4}},{"start":{"line":1338,"column":4},"end":{"line":1338,"column":4}}]},"155":{"line":1381,"type":"if","locations":[{"start":{"line":1381,"column":2},"end":{"line":1381,"column":2}},{"start":{"line":1381,"column":2},"end":{"line":1381,"column":2}}]},"156":{"line":1399,"type":"if","locations":[{"start":{"line":1399,"column":4},"end":{"line":1399,"column":4}},{"start":{"line":1399,"column":4},"end":{"line":1399,"column":4}}]},"157":{"line":1435,"type":"if","locations":[{"start":{"line":1435,"column":2},"end":{"line":1435,"column":2}},{"start":{"line":1435,"column":2},"end":{"line":1435,"column":2}}]},"158":{"line":1444,"type":"if","locations":[{"start":{"line":1444,"column":4},"end":{"line":1444,"column":4}},{"start":{"line":1444,"column":4},"end":{"line":1444,"column":4}}]},"159":{"line":1462,"type":"if","locations":[{"start":{"line":1462,"column":2},"end":{"line":1462,"column":2}},{"start":{"line":1462,"column":2},"end":{"line":1462,"column":2}}]},"160":{"line":1491,"type":"if","locations":[{"start":{"line":1491,"column":4},"end":{"line":1491,"column":4}},{"start":{"line":1491,"column":4},"end":{"line":1491,"column":4}}]},"161":{"line":1494,"type":"if","locations":[{"start":{"line":1494,"column":11},"end":{"line":1494,"column":11}},{"start":{"line":1494,"column":11},"end":{"line":1494,"column":11}}]},"162":{"line":1560,"type":"if","locations":[{"start":{"line":1560,"column":2},"end":{"line":1560,"column":2}},{"start":{"line":1560,"column":2},"end":{"line":1560,"column":2}}]},"163":{"line":1563,"type":"if","locations":[{"start":{"line":1563,"column":6},"end":{"line":1563,"column":6}},{"start":{"line":1563,"column":6},"end":{"line":1563,"column":6}}]},"164":{"line":1567,"type":"if","locations":[{"start":{"line":1567,"column":13},"end":{"line":1567,"column":13}},{"start":{"line":1567,"column":13},"end":{"line":1567,"column":13}}]},"165":{"line":1586,"type":"if","locations":[{"start":{"line":1586,"column":2},"end":{"line":1586,"column":2}},{"start":{"line":1586,"column":2},"end":{"line":1586,"column":2}}]},"166":{"line":1587,"type":"if","locations":[{"start":{"line":1587,"column":2},"end":{"line":1587,"column":2}},{"start":{"line":1587,"column":2},"end":{"line":1587,"column":2}}]},"167":{"line":1596,"type":"if","locations":[{"start":{"line":1596,"column":2},"end":{"line":1596,"column":2}},{"start":{"line":1596,"column":2},"end":{"line":1596,"column":2}}]},"168":{"line":1606,"type":"cond-expr","locations":[{"start":{"line":1606,"column":71},"end":{"line":1606,"column":73}},{"start":{"line":1606,"column":76},"end":{"line":1606,"column":88}}]},"169":{"line":1606,"type":"binary-expr","locations":[{"start":{"line":1606,"column":17},"end":{"line":1606,"column":38}},{"start":{"line":1606,"column":42},"end":{"line":1606,"column":68}}]},"170":{"line":1703,"type":"cond-expr","locations":[{"start":{"line":1703,"column":71},"end":{"line":1703,"column":76}},{"start":{"line":1703,"column":79},"end":{"line":1703,"column":91}}]},"171":{"line":1703,"type":"binary-expr","locations":[{"start":{"line":1703,"column":17},"end":{"line":1703,"column":38}},{"start":{"line":1703,"column":42},"end":{"line":1703,"column":68}}]},"172":{"line":1706,"type":"if","locations":[{"start":{"line":1706,"column":4},"end":{"line":1706,"column":4}},{"start":{"line":1706,"column":4},"end":{"line":1706,"column":4}}]},"173":{"line":1721,"type":"cond-expr","locations":[{"start":{"line":1721,"column":77},"end":{"line":1721,"column":122}},{"start":{"line":1721,"column":125},"end":{"line":1721,"column":137}}]},"174":{"line":1721,"type":"binary-expr","locations":[{"start":{"line":1721,"column":23},"end":{"line":1721,"column":44}},{"start":{"line":1721,"column":48},"end":{"line":1721,"column":74}}]},"175":{"line":1722,"type":"cond-expr","locations":[{"start":{"line":1722,"column":71},"end":{"line":1722,"column":75}},{"start":{"line":1722,"column":78},"end":{"line":1722,"column":90}}]},"176":{"line":1722,"type":"binary-expr","locations":[{"start":{"line":1722,"column":17},"end":{"line":1722,"column":38}},{"start":{"line":1722,"column":42},"end":{"line":1722,"column":68}}]},"177":{"line":1723,"type":"cond-expr","locations":[{"start":{"line":1723,"column":70},"end":{"line":1723,"column":145}},{"start":{"line":1723,"column":148},"end":{"line":1723,"column":160}}]},"178":{"line":1723,"type":"binary-expr","locations":[{"start":{"line":1723,"column":16},"end":{"line":1723,"column":37}},{"start":{"line":1723,"column":41},"end":{"line":1723,"column":67}}]},"179":{"line":1723,"type":"cond-expr","locations":[{"start":{"line":1723,"column":85},"end":{"line":1723,"column":114}},{"start":{"line":1723,"column":117},"end":{"line":1723,"column":145}}]},"180":{"line":1725,"type":"if","locations":[{"start":{"line":1725,"column":6},"end":{"line":1725,"column":6}},{"start":{"line":1725,"column":6},"end":{"line":1725,"column":6}}]},"181":{"line":1731,"type":"cond-expr","locations":[{"start":{"line":1731,"column":49},"end":{"line":1731,"column":64}},{"start":{"line":1731,"column":67},"end":{"line":1731,"column":69}}]},"182":{"line":1746,"type":"cond-expr","locations":[{"start":{"line":1746,"column":71},"end":{"line":1746,"column":75}},{"start":{"line":1746,"column":78},"end":{"line":1746,"column":90}}]},"183":{"line":1746,"type":"binary-expr","locations":[{"start":{"line":1746,"column":17},"end":{"line":1746,"column":38}},{"start":{"line":1746,"column":42},"end":{"line":1746,"column":68}}]},"184":{"line":1748,"type":"if","locations":[{"start":{"line":1748,"column":4},"end":{"line":1748,"column":4}},{"start":{"line":1748,"column":4},"end":{"line":1748,"column":4}}]},"185":{"line":1770,"type":"cond-expr","locations":[{"start":{"line":1770,"column":68},"end":{"line":1770,"column":87}},{"start":{"line":1770,"column":90},"end":{"line":1770,"column":102}}]},"186":{"line":1770,"type":"binary-expr","locations":[{"start":{"line":1770,"column":14},"end":{"line":1770,"column":35}},{"start":{"line":1770,"column":39},"end":{"line":1770,"column":65}}]},"187":{"line":1785,"type":"cond-expr","locations":[{"start":{"line":1785,"column":71},"end":{"line":1785,"column":76}},{"start":{"line":1785,"column":79},"end":{"line":1785,"column":91}}]},"188":{"line":1785,"type":"binary-expr","locations":[{"start":{"line":1785,"column":17},"end":{"line":1785,"column":38}},{"start":{"line":1785,"column":42},"end":{"line":1785,"column":68}}]},"189":{"line":1788,"type":"if","locations":[{"start":{"line":1788,"column":4},"end":{"line":1788,"column":4}},{"start":{"line":1788,"column":4},"end":{"line":1788,"column":4}}]},"190":{"line":1803,"type":"cond-expr","locations":[{"start":{"line":1803,"column":71},"end":{"line":1803,"column":75}},{"start":{"line":1803,"column":78},"end":{"line":1803,"column":90}}]},"191":{"line":1803,"type":"binary-expr","locations":[{"start":{"line":1803,"column":17},"end":{"line":1803,"column":38}},{"start":{"line":1803,"column":42},"end":{"line":1803,"column":68}}]},"192":{"line":1805,"type":"if","locations":[{"start":{"line":1805,"column":4},"end":{"line":1805,"column":4}},{"start":{"line":1805,"column":4},"end":{"line":1805,"column":4}}]},"193":{"line":1808,"type":"if","locations":[{"start":{"line":1808,"column":6},"end":{"line":1808,"column":6}},{"start":{"line":1808,"column":6},"end":{"line":1808,"column":6}}]},"194":{"line":1830,"type":"cond-expr","locations":[{"start":{"line":1830,"column":71},"end":{"line":1830,"column":75}},{"start":{"line":1830,"column":78},"end":{"line":1830,"column":90}}]},"195":{"line":1830,"type":"binary-expr","locations":[{"start":{"line":1830,"column":17},"end":{"line":1830,"column":38}},{"start":{"line":1830,"column":42},"end":{"line":1830,"column":68}}]},"196":{"line":1832,"type":"if","locations":[{"start":{"line":1832,"column":4},"end":{"line":1832,"column":4}},{"start":{"line":1832,"column":4},"end":{"line":1832,"column":4}}]},"197":{"line":1849,"type":"cond-expr","locations":[{"start":{"line":1849,"column":68},"end":{"line":1849,"column":85}},{"start":{"line":1849,"column":88},"end":{"line":1849,"column":100}}]},"198":{"line":1849,"type":"binary-expr","locations":[{"start":{"line":1849,"column":14},"end":{"line":1849,"column":35}},{"start":{"line":1849,"column":39},"end":{"line":1849,"column":65}}]},"199":{"line":1866,"type":"cond-expr","locations":[{"start":{"line":1866,"column":71},"end":{"line":1866,"column":75}},{"start":{"line":1866,"column":78},"end":{"line":1866,"column":90}}]},"200":{"line":1866,"type":"binary-expr","locations":[{"start":{"line":1866,"column":17},"end":{"line":1866,"column":38}},{"start":{"line":1866,"column":42},"end":{"line":1866,"column":68}}]},"201":{"line":1868,"type":"if","locations":[{"start":{"line":1868,"column":4},"end":{"line":1868,"column":4}},{"start":{"line":1868,"column":4},"end":{"line":1868,"column":4}}]},"202":{"line":1890,"type":"cond-expr","locations":[{"start":{"line":1890,"column":73},"end":{"line":1890,"column":77}},{"start":{"line":1890,"column":80},"end":{"line":1890,"column":92}}]},"203":{"line":1890,"type":"binary-expr","locations":[{"start":{"line":1890,"column":19},"end":{"line":1890,"column":40}},{"start":{"line":1890,"column":44},"end":{"line":1890,"column":70}}]},"204":{"line":1891,"type":"cond-expr","locations":[{"start":{"line":1891,"column":71},"end":{"line":1891,"column":75}},{"start":{"line":1891,"column":78},"end":{"line":1891,"column":90}}]},"205":{"line":1891,"type":"binary-expr","locations":[{"start":{"line":1891,"column":17},"end":{"line":1891,"column":38}},{"start":{"line":1891,"column":42},"end":{"line":1891,"column":68}}]},"206":{"line":1893,"type":"if","locations":[{"start":{"line":1893,"column":4},"end":{"line":1893,"column":4}},{"start":{"line":1893,"column":4},"end":{"line":1893,"column":4}}]}},"l":{"71":26,"73":17,"75":40,"77":4,"78":4,"79":4,"87":4,"94":4,"95":1,"96":1,"97":1,"102":2,"103":0,"105":0,"106":0,"107":0,"109":4,"110":4,"112":2,"113":0,"114":0,"116":4,"117":4,"119":2,"120":0,"121":0,"123":4,"124":4,"126":2,"127":0,"128":0,"130":4,"131":4,"135":4,"136":1825,"137":3435,"140":1825,"141":3434,"145":4,"147":218,"148":218,"149":239,"150":239,"151":239,"152":239,"153":239,"157":4,"160":2,"162":2,"163":2,"164":2,"165":2,"167":2,"168":0,"169":0,"170":0,"171":0,"175":2,"185":4,"186":0,"187":0,"189":0,"198":4,"199":0,"200":0,"201":0,"210":4,"211":15,"212":15,"213":15,"214":0,"236":4,"237":1439,"239":1439,"240":1439,"241":753,"242":686,"243":3,"244":3,"246":3,"248":683,"249":683,"250":0,"254":0,"255":0,"257":0,"259":0,"280":4,"281":1339,"283":1339,"284":1338,"285":1338,"286":1338,"287":1338,"288":1338,"289":517,"300":1338,"301":10479,"313":4,"314":243,"315":243,"317":243,"318":15,"319":15,"321":228,"322":1332,"324":228,"325":1,"326":1,"327":1,"328":1,"329":3,"330":9,"333":1,"338":1,"340":227,"349":4,"350":242,"351":241,"362":241,"363":241,"371":241,"372":15,"373":25,"374":15,"377":0,"384":241,"385":3,"387":3,"388":1,"389":2,"390":1,"391":1,"397":241,"402":241,"407":241,"412":241,"418":241,"424":241,"425":0,"427":241,"432":241,"437":241,"438":241,"439":179,"442":179,"443":14,"444":14,"445":14,"446":0,"448":14,"450":14,"452":179,"459":241,"464":241,"470":241,"475":241,"476":104,"477":104,"478":0,"479":0,"482":104,"489":241,"490":88,"491":88,"492":0,"494":0,"495":0,"497":0,"499":88,"507":516,"520":241,"521":831,"522":831,"523":831,"524":831,"525":831,"527":831,"528":831,"529":0,"531":0,"532":0,"534":0,"535":0,"538":0,"539":0,"541":831,"542":831,"543":0,"546":831,"547":0,"552":831,"553":516,"554":10471,"564":241,"566":0,"567":0,"569":0,"570":0,"571":0,"575":241,"576":0,"577":0,"579":0,"581":241,"583":0,"584":0,"585":0,"586":0,"597":4,"598":214,"601":214,"602":223,"603":223,"605":214,"613":4,"614":215,"616":215,"617":214,"621":214,"623":214,"624":214,"625":218,"626":351,"629":214,"630":214,"631":214,"639":214,"645":214,"650":214,"655":214,"660":214,"661":0,"663":214,"668":214,"670":17,"676":17,"677":1,"678":1,"679":0,"686":214,"688":10,"689":10,"690":0,"691":0,"692":10,"693":0,"694":0,"697":10,"708":214,"709":0,"710":0,"712":0,"713":0,"715":0,"716":0,"717":0,"718":0,"720":0,"721":0,"722":0,"724":0,"725":0,"726":0,"730":0,"731":0,"733":0,"734":0,"735":0,"738":0,"739":0,"744":0,"745":0,"747":0,"755":214,"756":132,"757":132,"760":262,"764":134,"765":3,"766":131,"767":1,"774":214,"775":69,"776":69,"777":43,"780":69,"782":69,"783":94,"786":69,"788":21,"789":43,"791":21,"792":43,"794":21,"795":43,"797":21,"798":21,"799":21,"801":21,"803":43,"804":43,"806":21,"807":43,"808":0,"809":0,"812":21,"813":21,"814":21,"815":43,"819":214,"820":2,"821":125,"822":125,"823":125,"826":214,"827":206,"828":206,"830":8,"831":125,"834":214,"840":214,"841":0,"842":0,"843":0,"846":214,"847":125,"853":214,"854":83,"857":83,"861":42,"872":214,"874":808,"875":39,"876":780,"879":81,"880":822,"888":214,"889":12,"890":12,"891":0,"892":0,"895":12,"903":4,"904":6,"905":6,"906":0,"915":4,"916":4,"918":4,"920":4,"921":4,"922":4,"923":0,"927":4,"928":0,"930":4,"931":0,"933":4,"934":4,"936":4,"937":4,"938":4,"939":4,"947":4,"948":1,"949":1,"951":1,"952":0,"954":1,"955":1,"963":4,"964":6,"965":6,"966":6,"967":6,"968":6,"969":6,"970":6,"971":0,"974":6,"975":6,"976":6,"977":6,"979":0,"986":4,"987":3,"988":3,"989":3,"991":3,"992":3,"993":3,"994":0,"1003":4,"1011":4,"1012":20,"1014":20,"1015":0,"1016":0,"1017":0,"1018":0,"1019":0,"1022":20,"1023":20,"1024":20,"1025":20,"1026":0,"1028":20,"1040":4,"1041":0,"1053":4,"1054":29,"1055":29,"1056":29,"1057":28,"1058":28,"1059":28,"1065":28,"1070":28,"1075":28,"1077":53,"1079":53,"1081":28,"1082":179,"1088":28,"1097":4,"1098":15,"1102":27,"1113":4,"1114":2,"1115":2,"1116":2,"1117":2,"1118":2,"1119":8,"1120":20,"1131":4,"1132":0,"1133":0,"1134":0,"1135":0,"1137":0,"1139":0,"1147":4,"1148":2,"1149":2,"1159":4,"1160":20,"1162":20,"1163":4,"1164":4,"1166":16,"1167":26,"1168":10,"1169":10,"1170":10,"1172":10,"1173":10,"1174":3,"1176":3,"1178":3,"1179":3,"1182":0,"1183":0,"1185":10,"1186":10,"1187":0,"1190":10,"1191":0,"1196":16,"1197":16,"1198":16,"1200":16,"1201":16,"1202":23,"1204":23,"1206":23,"1207":23,"1210":0,"1211":0,"1213":16,"1214":16,"1215":0,"1218":16,"1219":0,"1224":0,"1227":4,"1229":0,"1230":0,"1231":0,"1233":0,"1236":0,"1245":4,"1246":0,"1248":0,"1249":0,"1250":0,"1251":0,"1255":0,"1263":4,"1265":3,"1266":3,"1267":3,"1268":3,"1276":4,"1277":3,"1278":3,"1279":3,"1280":3,"1282":3,"1283":3,"1284":3,"1285":3,"1286":0,"1287":0,"1301":4,"1302":7,"1303":7,"1304":7,"1305":7,"1307":7,"1308":3,"1309":3,"1310":3,"1311":3,"1312":3,"1314":4,"1315":0,"1317":4,"1320":7,"1321":0,"1332":4,"1333":3,"1335":3,"1337":3,"1338":1,"1339":1,"1340":1,"1342":1,"1343":1,"1344":1,"1346":2,"1347":2,"1350":3,"1351":0,"1359":4,"1360":2,"1362":2,"1363":6,"1366":2,"1367":6,"1369":2,"1371":2,"1372":6,"1375":2,"1376":6,"1378":2,"1379":2,"1381":2,"1382":0,"1383":0,"1384":0,"1386":0,"1387":0,"1392":2,"1393":3,"1397":2,"1398":2,"1399":6,"1400":3,"1401":3,"1404":2,"1405":6,"1408":2,"1410":2,"1413":4,"1414":0,"1418":4,"1419":4,"1420":4,"1421":4,"1422":4,"1423":4,"1429":4,"1433":4,"1434":27,"1435":27,"1436":10,"1438":17,"1440":17,"1442":17,"1444":17,"1445":6,"1447":11,"1461":4,"1462":1,"1463":0,"1464":0,"1467":1,"1468":1,"1469":1,"1470":1,"1471":1,"1472":2,"1473":3,"1477":1,"1479":1,"1480":2,"1481":3,"1484":1,"1485":0,"1486":0,"1489":1,"1491":2,"1492":2,"1493":2,"1494":0,"1495":0,"1496":0,"1498":0,"1501":1,"1502":1,"1509":4,"1510":1,"1511":1,"1512":2,"1514":1,"1522":4,"1523":0,"1530":4,"1531":0,"1538":4,"1539":0,"1547":4,"1548":0,"1558":4,"1559":0,"1560":0,"1561":0,"1562":0,"1563":0,"1564":0,"1565":0,"1566":0,"1567":0,"1568":0,"1569":0,"1573":0,"1574":0,"1575":0,"1585":4,"1586":0,"1587":0,"1588":0,"1595":4,"1596":0,"1597":0,"1604":4,"1605":4,"1606":6,"1608":6,"1612":4,"1613":1,"1614":1,"1615":1,"1616":1,"1617":1,"1625":4,"1654":1,"1655":1,"1656":1,"1657":1,"1673":8,"1686":14,"1687":14,"1703":6,"1705":6,"1706":6,"1707":0,"1709":6,"1721":6,"1722":6,"1723":6,"1724":6,"1725":6,"1726":0,"1727":0,"1729":6,"1730":6,"1731":6,"1732":6,"1733":6,"1746":2,"1748":2,"1749":0,"1750":0,"1752":2,"1753":2,"1754":2,"1755":2,"1756":2,"1759":0,"1770":4,"1772":4,"1785":3,"1787":3,"1788":3,"1789":0,"1791":3,"1803":5,"1805":5,"1806":2,"1807":2,"1808":2,"1809":0,"1811":2,"1813":3,"1814":3,"1816":3,"1817":3,"1818":3,"1830":3,"1832":3,"1833":1,"1834":1,"1836":2,"1837":2,"1838":2,"1839":2,"1849":0,"1851":0,"1866":0,"1868":0,"1869":0,"1870":0,"1872":0,"1873":0,"1874":0,"1876":0,"1877":0,"1890":0,"1891":0,"1893":0,"1894":0,"1895":0,"1897":0,"1898":0,"1899":0}},
"/Users/etosch/dev/Runner/src/main/resources/surveyman.js/SurveyMan/config.js":{"path":"/Users/etosch/dev/Runner/src/main/resources/surveyman.js/SurveyMan/config.js","s":{"1":3,"2":3},"b":{},"f":{},"fnMap":{},"statementMap":{"1":{"start":{"line":3,"column":0},"end":{"line":6,"column":2}},"2":{"start":{"line":8,"column":0},"end":{"line":8,"column":24}}},"branchMap":{},"l":{"3":3,"8":3}}}
