TN:
SF:/Users/etosch/dev/Runner/src/main/resources/surveyman.js/SurveyMan/surveyman.js
FN:71,(anonymous_1)
FN:71,sliceIterator
FN:71,(anonymous_3)
FN:73,_toArray
FN:75,_toConsumableArray
FN:94,global_reset
FN:102,SMSurveyException
FN:112,UnknownTypeException
FN:119,ObjectNotFoundException
FN:126,MalformedSurveyException
FN:135,assertJSONHasProperties
FN:140,(anonymous_12)
FN:145,FYshuffle
FN:157,sortById
FN:185,getOptionById
FN:198,getQuestionById
FN:210,getBlockById
FN:236,parseBools
FN:254,(anonymous_19)
FN:280,Option
FN:288,(anonymous_21)
FN:300,(anonymous_22)
FN:313,(anonymous_23)
FN:321,(anonymous_24)
FN:325,(anonymous_25)
FN:328,(anonymous_26)
FN:329,(anonymous_27)
FN:349,Question
FN:371,(anonymous_29)
FN:384,(anonymous_30)
FN:437,(anonymous_31)
FN:438,(anonymous_32)
FN:475,(anonymous_33)
FN:489,(anonymous_34)
FN:506,(anonymous_35)
FN:520,(anonymous_36)
FN:552,(anonymous_37)
FN:553,(anonymous_38)
FN:564,(anonymous_39)
FN:575,(anonymous_40)
FN:576,(anonymous_41)
FN:581,(anonymous_42)
FN:597,(anonymous_43)
FN:613,Block
FN:624,(anonymous_45)
FN:625,(anonymous_46)
FN:630,randomizableId
FN:668,(anonymous_48)
FN:678,(anonymous_49)
FN:686,(anonymous_50)
FN:689,(anonymous_51)
FN:708,(anonymous_52)
FN:712,(anonymous_53)
FN:755,(anonymous_54)
FN:774,(anonymous_55)
FN:776,(anonymous_56)
FN:782,(anonymous_57)
FN:788,(anonymous_58)
FN:791,(anonymous_59)
FN:794,(anonymous_60)
FN:814,(anonymous_61)
FN:819,(anonymous_62)
FN:820,populate
FN:830,(anonymous_64)
FN:840,(anonymous_65)
FN:846,(anonymous_66)
FN:853,(anonymous_67)
FN:856,(anonymous_68)
FN:860,(anonymous_69)
FN:872,(anonymous_70)
FN:874,(anonymous_71)
FN:875,(anonymous_72)
FN:878,(anonymous_73)
FN:879,(anonymous_74)
FN:888,(anonymous_75)
FN:890,(anonymous_76)
FN:891,(anonymous_77)
FN:903,(anonymous_78)
FN:905,(anonymous_79)
FN:915,(anonymous_80)
FN:918,update_ids
FN:922,(anonymous_82)
FN:947,(anonymous_83)
FN:948,(anonymous_84)
FN:963,(anonymous_85)
FN:970,(anonymous_86)
FN:986,(anonymous_87)
FN:988,(anonymous_88)
FN:1011,(anonymous_89)
FN:1025,(anonymous_90)
FN:1040,(anonymous_91)
FN:1043,randomize
FN:1053,Survey
FN:1075,(anonymous_94)
FN:1081,(anonymous_95)
FN:1097,(anonymous_96)
FN:1101,(anonymous_97)
FN:1113,(anonymous_98)
FN:1118,(anonymous_99)
FN:1119,(anonymous_100)
FN:1131,(anonymous_101)
FN:1134,(anonymous_102)
FN:1147,(anonymous_103)
FN:1148,(anonymous_104)
FN:1159,(anonymous_105)
FN:1166,find_block_by_id
FN:1227,(anonymous_107)
FN:1229,(anonymous_108)
FN:1235,(anonymous_109)
FN:1245,(anonymous_110)
FN:1249,(anonymous_111)
FN:1250,(anonymous_112)
FN:1263,(anonymous_113)
FN:1276,(anonymous_114)
FN:1279,(anonymous_115)
FN:1301,(anonymous_116)
FN:1304,(anonymous_117)
FN:1320,(anonymous_118)
FN:1332,(anonymous_119)
FN:1350,(anonymous_120)
FN:1359,(anonymous_121)
FN:1362,(anonymous_122)
FN:1366,(anonymous_123)
FN:1371,(anonymous_124)
FN:1375,(anonymous_125)
FN:1383,(anonymous_126)
FN:1386,(anonymous_127)
FN:1404,(anonymous_128)
FN:1413,(anonymous_129)
FN:1433,flatten
FN:1461,getAllBlockQuestions
FN:1471,(anonymous_132)
FN:1472,(anonymous_133)
FN:1479,qfind
FN:1480,(anonymous_135)
FN:1484,bfind
FN:1485,(anonymous_137)
FN:1509,initializeStacks
FN:1511,(anonymous_139)
FN:1522,loadQuestions
FN:1530,isQuestionStackEmpty
FN:1538,isBlockStackEmpty
FN:1547,nextQuestion
FN:1558,nextBlock
FN:1585,handleBranching
FN:1595,nextSequential
FN:1604,(anonymous_147)
FN:1605,(anonymous_148)
FN:1612,survey_init
FN:1653,init
FN:1672,new_survey
FN:1685,copy_survey
FN:1702,copy_block
FN:1720,add_block
FN:1724,(anonymous_155)
FN:1745,remove_block
FN:1769,new_question
FN:1784,copy_question
FN:1802,add_question
FN:1829,remove_question
FN:1848,new_option
FN:1865,add_option
FN:1873,(anonymous_163)
FN:1889,remove_option
FNF:164
FNH:113
FNDA:4,(anonymous_1)
FNDA:0,sliceIterator
FNDA:26,(anonymous_3)
FNDA:17,_toArray
FNDA:40,_toConsumableArray
FNDA:1,global_reset
FNDA:0,SMSurveyException
FNDA:0,UnknownTypeException
FNDA:0,ObjectNotFoundException
FNDA:0,MalformedSurveyException
FNDA:1825,assertJSONHasProperties
FNDA:3434,(anonymous_12)
FNDA:218,FYshuffle
FNDA:2,sortById
FNDA:0,getOptionById
FNDA:0,getQuestionById
FNDA:15,getBlockById
FNDA:1439,parseBools
FNDA:0,(anonymous_19)
FNDA:1339,Option
FNDA:517,(anonymous_21)
FNDA:10479,(anonymous_22)
FNDA:243,(anonymous_23)
FNDA:1332,(anonymous_24)
FNDA:1,(anonymous_25)
FNDA:3,(anonymous_26)
FNDA:9,(anonymous_27)
FNDA:242,Question
FNDA:15,(anonymous_29)
FNDA:3,(anonymous_30)
FNDA:241,(anonymous_31)
FNDA:179,(anonymous_32)
FNDA:104,(anonymous_33)
FNDA:88,(anonymous_34)
FNDA:516,(anonymous_35)
FNDA:831,(anonymous_36)
FNDA:516,(anonymous_37)
FNDA:10471,(anonymous_38)
FNDA:0,(anonymous_39)
FNDA:0,(anonymous_40)
FNDA:0,(anonymous_41)
FNDA:0,(anonymous_42)
FNDA:214,(anonymous_43)
FNDA:215,Block
FNDA:218,(anonymous_45)
FNDA:351,(anonymous_46)
FNDA:214,randomizableId
FNDA:17,(anonymous_48)
FNDA:0,(anonymous_49)
FNDA:10,(anonymous_50)
FNDA:0,(anonymous_51)
FNDA:0,(anonymous_52)
FNDA:0,(anonymous_53)
FNDA:132,(anonymous_54)
FNDA:69,(anonymous_55)
FNDA:43,(anonymous_56)
FNDA:94,(anonymous_57)
FNDA:43,(anonymous_58)
FNDA:43,(anonymous_59)
FNDA:43,(anonymous_60)
FNDA:43,(anonymous_61)
FNDA:214,(anonymous_62)
FNDA:125,populate
FNDA:125,(anonymous_64)
FNDA:0,(anonymous_65)
FNDA:125,(anonymous_66)
FNDA:83,(anonymous_67)
FNDA:83,(anonymous_68)
FNDA:42,(anonymous_69)
FNDA:808,(anonymous_70)
FNDA:39,(anonymous_71)
FNDA:780,(anonymous_72)
FNDA:81,(anonymous_73)
FNDA:822,(anonymous_74)
FNDA:12,(anonymous_75)
FNDA:0,(anonymous_76)
FNDA:0,(anonymous_77)
FNDA:6,(anonymous_78)
FNDA:0,(anonymous_79)
FNDA:4,(anonymous_80)
FNDA:4,update_ids
FNDA:0,(anonymous_82)
FNDA:1,(anonymous_83)
FNDA:1,(anonymous_84)
FNDA:6,(anonymous_85)
FNDA:0,(anonymous_86)
FNDA:3,(anonymous_87)
FNDA:3,(anonymous_88)
FNDA:20,(anonymous_89)
FNDA:0,(anonymous_90)
FNDA:0,(anonymous_91)
FNDA:0,randomize
FNDA:29,Survey
FNDA:53,(anonymous_94)
FNDA:179,(anonymous_95)
FNDA:15,(anonymous_96)
FNDA:27,(anonymous_97)
FNDA:2,(anonymous_98)
FNDA:8,(anonymous_99)
FNDA:20,(anonymous_100)
FNDA:0,(anonymous_101)
FNDA:0,(anonymous_102)
FNDA:2,(anonymous_103)
FNDA:2,(anonymous_104)
FNDA:20,(anonymous_105)
FNDA:26,find_block_by_id
FNDA:0,(anonymous_107)
FNDA:0,(anonymous_108)
FNDA:0,(anonymous_109)
FNDA:0,(anonymous_110)
FNDA:0,(anonymous_111)
FNDA:0,(anonymous_112)
FNDA:3,(anonymous_113)
FNDA:3,(anonymous_114)
FNDA:3,(anonymous_115)
FNDA:7,(anonymous_116)
FNDA:7,(anonymous_117)
FNDA:0,(anonymous_118)
FNDA:3,(anonymous_119)
FNDA:0,(anonymous_120)
FNDA:2,(anonymous_121)
FNDA:6,(anonymous_122)
FNDA:6,(anonymous_123)
FNDA:6,(anonymous_124)
FNDA:6,(anonymous_125)
FNDA:0,(anonymous_126)
FNDA:0,(anonymous_127)
FNDA:6,(anonymous_128)
FNDA:0,(anonymous_129)
FNDA:27,flatten
FNDA:1,getAllBlockQuestions
FNDA:2,(anonymous_132)
FNDA:3,(anonymous_133)
FNDA:2,qfind
FNDA:3,(anonymous_135)
FNDA:0,bfind
FNDA:0,(anonymous_137)
FNDA:1,initializeStacks
FNDA:2,(anonymous_139)
FNDA:0,loadQuestions
FNDA:0,isQuestionStackEmpty
FNDA:0,isBlockStackEmpty
FNDA:0,nextQuestion
FNDA:0,nextBlock
FNDA:0,handleBranching
FNDA:0,nextSequential
FNDA:4,(anonymous_147)
FNDA:6,(anonymous_148)
FNDA:1,survey_init
FNDA:1,init
FNDA:8,new_survey
FNDA:14,copy_survey
FNDA:6,copy_block
FNDA:6,add_block
FNDA:6,(anonymous_155)
FNDA:2,remove_block
FNDA:4,new_question
FNDA:3,copy_question
FNDA:5,add_question
FNDA:3,remove_question
FNDA:0,new_option
FNDA:0,add_option
FNDA:0,(anonymous_163)
FNDA:0,remove_option
DA:71,26
DA:73,17
DA:75,40
DA:77,4
DA:78,4
DA:79,4
DA:87,4
DA:94,4
DA:95,1
DA:96,1
DA:97,1
DA:102,2
DA:103,0
DA:105,0
DA:106,0
DA:107,0
DA:109,4
DA:110,4
DA:112,2
DA:113,0
DA:114,0
DA:116,4
DA:117,4
DA:119,2
DA:120,0
DA:121,0
DA:123,4
DA:124,4
DA:126,2
DA:127,0
DA:128,0
DA:130,4
DA:131,4
DA:135,4
DA:136,1825
DA:137,3435
DA:140,1825
DA:141,3434
DA:145,4
DA:147,218
DA:148,218
DA:149,239
DA:150,239
DA:151,239
DA:152,239
DA:153,239
DA:157,4
DA:160,2
DA:162,2
DA:163,2
DA:164,2
DA:165,2
DA:167,2
DA:168,0
DA:169,0
DA:170,0
DA:171,0
DA:175,2
DA:185,4
DA:186,0
DA:187,0
DA:189,0
DA:198,4
DA:199,0
DA:200,0
DA:201,0
DA:210,4
DA:211,15
DA:212,15
DA:213,15
DA:214,0
DA:236,4
DA:237,1439
DA:239,1439
DA:240,1439
DA:241,753
DA:242,686
DA:243,3
DA:244,3
DA:246,3
DA:248,683
DA:249,683
DA:250,0
DA:254,0
DA:255,0
DA:257,0
DA:259,0
DA:280,4
DA:281,1339
DA:283,1339
DA:284,1338
DA:285,1338
DA:286,1338
DA:287,1338
DA:288,1338
DA:289,517
DA:300,1338
DA:301,10479
DA:313,4
DA:314,243
DA:315,243
DA:317,243
DA:318,15
DA:319,15
DA:321,228
DA:322,1332
DA:324,228
DA:325,1
DA:326,1
DA:327,1
DA:328,1
DA:329,3
DA:330,9
DA:333,1
DA:338,1
DA:340,227
DA:349,4
DA:350,242
DA:351,241
DA:362,241
DA:363,241
DA:371,241
DA:372,15
DA:373,25
DA:374,15
DA:377,0
DA:384,241
DA:385,3
DA:387,3
DA:388,1
DA:389,2
DA:390,1
DA:391,1
DA:397,241
DA:402,241
DA:407,241
DA:412,241
DA:418,241
DA:424,241
DA:425,0
DA:427,241
DA:432,241
DA:437,241
DA:438,241
DA:439,179
DA:442,179
DA:443,14
DA:444,14
DA:445,14
DA:446,0
DA:448,14
DA:450,14
DA:452,179
DA:459,241
DA:464,241
DA:470,241
DA:475,241
DA:476,104
DA:477,104
DA:478,0
DA:479,0
DA:482,104
DA:489,241
DA:490,88
DA:491,88
DA:492,0
DA:494,0
DA:495,0
DA:497,0
DA:499,88
DA:507,516
DA:520,241
DA:521,831
DA:522,831
DA:523,831
DA:524,831
DA:525,831
DA:527,831
DA:528,831
DA:529,0
DA:531,0
DA:532,0
DA:534,0
DA:535,0
DA:538,0
DA:539,0
DA:541,831
DA:542,831
DA:543,0
DA:546,831
DA:547,0
DA:552,831
DA:553,516
DA:554,10471
DA:564,241
DA:566,0
DA:567,0
DA:569,0
DA:570,0
DA:571,0
DA:575,241
DA:576,0
DA:577,0
DA:579,0
DA:581,241
DA:583,0
DA:584,0
DA:585,0
DA:586,0
DA:597,4
DA:598,214
DA:601,214
DA:602,223
DA:603,223
DA:605,214
DA:613,4
DA:614,215
DA:616,215
DA:617,214
DA:621,214
DA:623,214
DA:624,214
DA:625,218
DA:626,351
DA:629,214
DA:630,214
DA:631,214
DA:639,214
DA:645,214
DA:650,214
DA:655,214
DA:660,214
DA:661,0
DA:663,214
DA:668,214
DA:670,17
DA:676,17
DA:677,1
DA:678,1
DA:679,0
DA:686,214
DA:688,10
DA:689,10
DA:690,0
DA:691,0
DA:692,10
DA:693,0
DA:694,0
DA:697,10
DA:708,214
DA:709,0
DA:710,0
DA:712,0
DA:713,0
DA:715,0
DA:716,0
DA:717,0
DA:718,0
DA:720,0
DA:721,0
DA:722,0
DA:724,0
DA:725,0
DA:726,0
DA:730,0
DA:731,0
DA:733,0
DA:734,0
DA:735,0
DA:738,0
DA:739,0
DA:744,0
DA:745,0
DA:747,0
DA:755,214
DA:756,132
DA:757,132
DA:760,262
DA:764,134
DA:765,3
DA:766,131
DA:767,1
DA:774,214
DA:775,69
DA:776,69
DA:777,43
DA:780,69
DA:782,69
DA:783,94
DA:786,69
DA:788,21
DA:789,43
DA:791,21
DA:792,43
DA:794,21
DA:795,43
DA:797,21
DA:798,21
DA:799,21
DA:801,21
DA:803,43
DA:804,43
DA:806,21
DA:807,43
DA:808,0
DA:809,0
DA:812,21
DA:813,21
DA:814,21
DA:815,43
DA:819,214
DA:820,2
DA:821,125
DA:822,125
DA:823,125
DA:826,214
DA:827,206
DA:828,206
DA:830,8
DA:831,125
DA:834,214
DA:840,214
DA:841,0
DA:842,0
DA:843,0
DA:846,214
DA:847,125
DA:853,214
DA:854,83
DA:857,83
DA:861,42
DA:872,214
DA:874,808
DA:875,39
DA:876,780
DA:879,81
DA:880,822
DA:888,214
DA:889,12
DA:890,12
DA:891,0
DA:892,0
DA:895,12
DA:903,4
DA:904,6
DA:905,6
DA:906,0
DA:915,4
DA:916,4
DA:918,4
DA:920,4
DA:921,4
DA:922,4
DA:923,0
DA:927,4
DA:928,0
DA:930,4
DA:931,0
DA:933,4
DA:934,4
DA:936,4
DA:937,4
DA:938,4
DA:939,4
DA:947,4
DA:948,1
DA:949,1
DA:951,1
DA:952,0
DA:954,1
DA:955,1
DA:963,4
DA:964,6
DA:965,6
DA:966,6
DA:967,6
DA:968,6
DA:969,6
DA:970,6
DA:971,0
DA:974,6
DA:975,6
DA:976,6
DA:977,6
DA:979,0
DA:986,4
DA:987,3
DA:988,3
DA:989,3
DA:991,3
DA:992,3
DA:993,3
DA:994,0
DA:1003,4
DA:1011,4
DA:1012,20
DA:1014,20
DA:1015,0
DA:1016,0
DA:1017,0
DA:1018,0
DA:1019,0
DA:1022,20
DA:1023,20
DA:1024,20
DA:1025,20
DA:1026,0
DA:1028,20
DA:1040,4
DA:1041,0
DA:1053,4
DA:1054,29
DA:1055,29
DA:1056,29
DA:1057,28
DA:1058,28
DA:1059,28
DA:1065,28
DA:1070,28
DA:1075,28
DA:1077,53
DA:1079,53
DA:1081,28
DA:1082,179
DA:1088,28
DA:1097,4
DA:1098,15
DA:1102,27
DA:1113,4
DA:1114,2
DA:1115,2
DA:1116,2
DA:1117,2
DA:1118,2
DA:1119,8
DA:1120,20
DA:1131,4
DA:1132,0
DA:1133,0
DA:1134,0
DA:1135,0
DA:1137,0
DA:1139,0
DA:1147,4
DA:1148,2
DA:1149,2
DA:1159,4
DA:1160,20
DA:1162,20
DA:1163,4
DA:1164,4
DA:1166,16
DA:1167,26
DA:1168,10
DA:1169,10
DA:1170,10
DA:1172,10
DA:1173,10
DA:1174,3
DA:1176,3
DA:1178,3
DA:1179,3
DA:1182,0
DA:1183,0
DA:1185,10
DA:1186,10
DA:1187,0
DA:1190,10
DA:1191,0
DA:1196,16
DA:1197,16
DA:1198,16
DA:1200,16
DA:1201,16
DA:1202,23
DA:1204,23
DA:1206,23
DA:1207,23
DA:1210,0
DA:1211,0
DA:1213,16
DA:1214,16
DA:1215,0
DA:1218,16
DA:1219,0
DA:1224,0
DA:1227,4
DA:1229,0
DA:1230,0
DA:1231,0
DA:1233,0
DA:1236,0
DA:1245,4
DA:1246,0
DA:1248,0
DA:1249,0
DA:1250,0
DA:1251,0
DA:1255,0
DA:1263,4
DA:1265,3
DA:1266,3
DA:1267,3
DA:1268,3
DA:1276,4
DA:1277,3
DA:1278,3
DA:1279,3
DA:1280,3
DA:1282,3
DA:1283,3
DA:1284,3
DA:1285,3
DA:1286,0
DA:1287,0
DA:1301,4
DA:1302,7
DA:1303,7
DA:1304,7
DA:1305,7
DA:1307,7
DA:1308,3
DA:1309,3
DA:1310,3
DA:1311,3
DA:1312,3
DA:1314,4
DA:1315,0
DA:1317,4
DA:1320,7
DA:1321,0
DA:1332,4
DA:1333,3
DA:1335,3
DA:1337,3
DA:1338,1
DA:1339,1
DA:1340,1
DA:1342,1
DA:1343,1
DA:1344,1
DA:1346,2
DA:1347,2
DA:1350,3
DA:1351,0
DA:1359,4
DA:1360,2
DA:1362,2
DA:1363,6
DA:1366,2
DA:1367,6
DA:1369,2
DA:1371,2
DA:1372,6
DA:1375,2
DA:1376,6
DA:1378,2
DA:1379,2
DA:1381,2
DA:1382,0
DA:1383,0
DA:1384,0
DA:1386,0
DA:1387,0
DA:1392,2
DA:1393,3
DA:1397,2
DA:1398,2
DA:1399,6
DA:1400,3
DA:1401,3
DA:1404,2
DA:1405,6
DA:1408,2
DA:1410,2
DA:1413,4
DA:1414,0
DA:1418,4
DA:1419,4
DA:1420,4
DA:1421,4
DA:1422,4
DA:1423,4
DA:1429,4
DA:1433,4
DA:1434,27
DA:1435,27
DA:1436,10
DA:1438,17
DA:1440,17
DA:1442,17
DA:1444,17
DA:1445,6
DA:1447,11
DA:1461,4
DA:1462,1
DA:1463,0
DA:1464,0
DA:1467,1
DA:1468,1
DA:1469,1
DA:1470,1
DA:1471,1
DA:1472,2
DA:1473,3
DA:1477,1
DA:1479,1
DA:1480,2
DA:1481,3
DA:1484,1
DA:1485,0
DA:1486,0
DA:1489,1
DA:1491,2
DA:1492,2
DA:1493,2
DA:1494,0
DA:1495,0
DA:1496,0
DA:1498,0
DA:1501,1
DA:1502,1
DA:1509,4
DA:1510,1
DA:1511,1
DA:1512,2
DA:1514,1
DA:1522,4
DA:1523,0
DA:1530,4
DA:1531,0
DA:1538,4
DA:1539,0
DA:1547,4
DA:1548,0
DA:1558,4
DA:1559,0
DA:1560,0
DA:1561,0
DA:1562,0
DA:1563,0
DA:1564,0
DA:1565,0
DA:1566,0
DA:1567,0
DA:1568,0
DA:1569,0
DA:1573,0
DA:1574,0
DA:1575,0
DA:1585,4
DA:1586,0
DA:1587,0
DA:1588,0
DA:1595,4
DA:1596,0
DA:1597,0
DA:1604,4
DA:1605,4
DA:1606,6
DA:1608,6
DA:1612,4
DA:1613,1
DA:1614,1
DA:1615,1
DA:1616,1
DA:1617,1
DA:1625,4
DA:1654,1
DA:1655,1
DA:1656,1
DA:1657,1
DA:1673,8
DA:1686,14
DA:1687,14
DA:1703,6
DA:1705,6
DA:1706,6
DA:1707,0
DA:1709,6
DA:1721,6
DA:1722,6
DA:1723,6
DA:1724,6
DA:1725,6
DA:1726,0
DA:1727,0
DA:1729,6
DA:1730,6
DA:1731,6
DA:1732,6
DA:1733,6
DA:1746,2
DA:1748,2
DA:1749,0
DA:1750,0
DA:1752,2
DA:1753,2
DA:1754,2
DA:1755,2
DA:1756,2
DA:1759,0
DA:1770,4
DA:1772,4
DA:1785,3
DA:1787,3
DA:1788,3
DA:1789,0
DA:1791,3
DA:1803,5
DA:1805,5
DA:1806,2
DA:1807,2
DA:1808,2
DA:1809,0
DA:1811,2
DA:1813,3
DA:1814,3
DA:1816,3
DA:1817,3
DA:1818,3
DA:1830,3
DA:1832,3
DA:1833,1
DA:1834,1
DA:1836,2
DA:1837,2
DA:1838,2
DA:1839,2
DA:1849,0
DA:1851,0
DA:1866,0
DA:1868,0
DA:1869,0
DA:1870,0
DA:1872,0
DA:1873,0
DA:1874,0
DA:1876,0
DA:1877,0
DA:1890,0
DA:1891,0
DA:1893,0
DA:1894,0
DA:1895,0
DA:1897,0
DA:1898,0
DA:1899,0
LF:748
LH:545
BRDA:71,1,0,0
BRDA:71,1,1,0
BRDA:71,2,0,0
BRDA:71,2,1,0
BRDA:71,3,0,0
BRDA:71,3,1,0
BRDA:71,4,0,0
BRDA:71,4,1,0
BRDA:71,5,0,0
BRDA:71,5,1,0
BRDA:71,6,0,26
BRDA:71,6,1,0
BRDA:71,7,0,0
BRDA:71,7,1,0
BRDA:73,8,0,17
BRDA:73,8,1,0
BRDA:75,9,0,12
BRDA:75,9,1,28
BRDA:103,10,0,0
BRDA:103,10,1,0
BRDA:103,11,0,0
BRDA:103,11,1,0
BRDA:106,12,0,0
BRDA:106,12,1,0
BRDA:167,13,0,0
BRDA:167,13,1,2
BRDA:175,14,0,2
BRDA:175,14,1,0
BRDA:186,15,0,0
BRDA:186,15,1,0
BRDA:199,16,0,0
BRDA:199,16,1,0
BRDA:211,17,0,0
BRDA:211,17,1,15
BRDA:212,18,0,15
BRDA:212,18,1,0
BRDA:237,19,0,1196
BRDA:237,19,1,243
BRDA:237,20,0,1439
BRDA:237,20,1,243
BRDA:240,21,0,753
BRDA:240,21,1,686
BRDA:242,22,0,3
BRDA:242,22,1,683
BRDA:248,23,0,683
BRDA:248,23,1,0
BRDA:250,24,0,0
BRDA:250,24,1,0
BRDA:281,25,0,7
BRDA:281,25,1,1332
BRDA:281,26,0,1339
BRDA:281,26,1,1332
BRDA:301,27,0,10479
BRDA:301,27,1,10479
BRDA:301,27,2,523
BRDA:314,28,0,1
BRDA:314,28,1,242
BRDA:314,29,0,243
BRDA:314,29,1,242
BRDA:315,30,0,242
BRDA:315,30,1,1
BRDA:315,31,0,243
BRDA:315,31,1,242
BRDA:317,32,0,15
BRDA:317,32,1,228
BRDA:324,33,0,1
BRDA:324,33,1,227
BRDA:338,34,0,1
BRDA:338,34,1,0
BRDA:352,35,0,241
BRDA:352,35,1,142
BRDA:373,36,0,15
BRDA:373,36,1,10
BRDA:387,37,0,1
BRDA:387,37,1,2
BRDA:389,38,0,1
BRDA:389,38,1,1
BRDA:412,39,0,3
BRDA:412,39,1,238
BRDA:424,40,0,0
BRDA:424,40,1,241
BRDA:425,41,0,0
BRDA:425,41,1,0
BRDA:445,42,0,0
BRDA:445,42,1,14
BRDA:476,43,0,0
BRDA:476,43,1,104
BRDA:476,44,0,104
BRDA:476,44,1,104
BRDA:477,45,0,0
BRDA:477,45,1,104
BRDA:478,46,0,0
BRDA:478,46,1,0
BRDA:503,47,0,0
BRDA:503,47,1,88
BRDA:521,48,0,0
BRDA:521,48,1,831
BRDA:534,49,0,0
BRDA:534,49,1,0
BRDA:534,49,2,0
BRDA:535,50,0,0
BRDA:535,50,1,0
BRDA:542,51,0,0
BRDA:542,51,1,831
BRDA:542,52,0,831
BRDA:542,52,1,0
BRDA:546,53,0,0
BRDA:546,53,1,831
BRDA:552,54,0,831
BRDA:552,54,1,831
BRDA:552,54,2,90
BRDA:552,54,3,90
BRDA:552,54,4,90
BRDA:552,54,5,90
BRDA:552,54,6,90
BRDA:552,54,7,90
BRDA:552,54,8,90
BRDA:552,54,9,90
BRDA:553,55,0,516
BRDA:553,55,1,516
BRDA:566,56,0,0
BRDA:566,56,1,0
BRDA:570,57,0,0
BRDA:570,57,1,0
BRDA:570,58,0,0
BRDA:570,58,1,0
BRDA:585,59,0,0
BRDA:585,59,1,0
BRDA:618,60,0,214
BRDA:618,60,1,17
BRDA:620,61,0,214
BRDA:620,61,1,107
BRDA:660,62,0,0
BRDA:660,62,1,214
BRDA:661,63,0,0
BRDA:661,63,1,0
BRDA:663,64,0,214
BRDA:663,64,1,203
BRDA:670,65,0,0
BRDA:670,65,1,17
BRDA:676,66,0,16
BRDA:676,66,1,1
BRDA:678,67,0,1
BRDA:678,67,1,0
BRDA:679,68,0,0
BRDA:679,68,1,0
BRDA:688,69,0,0
BRDA:688,69,1,10
BRDA:689,70,0,0
BRDA:689,70,1,10
BRDA:693,71,0,0
BRDA:693,71,1,0
BRDA:709,72,0,0
BRDA:709,72,1,0
BRDA:709,73,0,0
BRDA:709,73,1,0
BRDA:710,74,0,0
BRDA:710,74,1,0
BRDA:710,75,0,0
BRDA:710,75,1,0
BRDA:715,76,0,0
BRDA:715,76,1,0
BRDA:715,77,0,0
BRDA:715,77,1,0
BRDA:725,78,0,0
BRDA:725,78,1,0
BRDA:734,79,0,0
BRDA:734,79,1,0
BRDA:734,80,0,0
BRDA:734,80,1,0
BRDA:738,81,0,0
BRDA:738,81,1,0
BRDA:744,82,0,0
BRDA:744,82,1,0
BRDA:744,83,0,0
BRDA:744,83,1,0
BRDA:756,84,0,0
BRDA:756,84,1,132
BRDA:760,85,0,128
BRDA:760,85,1,134
BRDA:760,86,0,262
BRDA:760,86,1,260
BRDA:764,87,0,3
BRDA:764,87,1,131
BRDA:766,88,0,1
BRDA:766,88,1,130
BRDA:786,89,0,48
BRDA:786,89,1,21
BRDA:807,90,0,0
BRDA:807,90,1,43
BRDA:826,91,0,206
BRDA:826,91,1,8
BRDA:841,92,0,0
BRDA:841,92,1,0
BRDA:842,93,0,0
BRDA:842,93,1,0
BRDA:847,94,0,125
BRDA:847,94,1,125
BRDA:874,95,0,808
BRDA:874,95,1,808
BRDA:874,95,2,54
BRDA:874,95,3,54
BRDA:875,96,0,39
BRDA:875,96,1,39
BRDA:879,97,0,81
BRDA:879,97,1,81
BRDA:905,98,0,5
BRDA:905,98,1,1
BRDA:916,99,0,1
BRDA:916,99,1,3
BRDA:916,100,0,4
BRDA:916,100,1,3
BRDA:920,101,0,0
BRDA:920,101,1,4
BRDA:927,102,0,0
BRDA:927,102,1,4
BRDA:930,103,0,0
BRDA:930,103,1,4
BRDA:930,104,0,4
BRDA:930,104,1,0
BRDA:933,105,0,4
BRDA:933,105,1,0
BRDA:951,106,0,0
BRDA:951,106,1,1
BRDA:964,107,0,6
BRDA:964,107,1,0
BRDA:966,108,0,6
BRDA:966,108,1,6
BRDA:967,109,0,6
BRDA:967,109,1,6
BRDA:968,110,0,6
BRDA:968,110,1,0
BRDA:969,111,0,6
BRDA:969,111,1,0
BRDA:969,111,2,0
BRDA:969,111,3,0
BRDA:969,111,4,0
BRDA:970,112,0,6
BRDA:970,112,1,0
BRDA:970,112,2,0
BRDA:971,113,0,0
BRDA:971,113,1,0
BRDA:974,114,0,6
BRDA:974,114,1,0
BRDA:974,115,0,6
BRDA:974,115,1,0
BRDA:974,115,2,0
BRDA:974,115,3,0
BRDA:979,116,0,0
BRDA:979,116,1,0
BRDA:979,117,0,0
BRDA:979,117,1,0
BRDA:993,118,0,0
BRDA:993,118,1,3
BRDA:1014,119,0,0
BRDA:1014,119,1,20
BRDA:1018,120,0,0
BRDA:1018,120,1,0
BRDA:1025,121,0,0
BRDA:1025,121,1,20
BRDA:1116,122,0,0
BRDA:1116,122,1,2
BRDA:1117,123,0,0
BRDA:1117,123,1,2
BRDA:1119,124,0,8
BRDA:1119,124,1,8
BRDA:1137,125,0,0
BRDA:1137,125,1,0
BRDA:1160,126,0,20
BRDA:1160,126,1,0
BRDA:1160,127,0,20
BRDA:1160,127,1,0
BRDA:1162,128,0,4
BRDA:1162,128,1,16
BRDA:1167,129,0,16
BRDA:1167,129,1,10
BRDA:1179,130,0,3
BRDA:1179,130,1,0
BRDA:1186,131,0,0
BRDA:1186,131,1,10
BRDA:1186,132,0,10
BRDA:1186,132,1,3
BRDA:1190,133,0,0
BRDA:1190,133,1,10
BRDA:1207,134,0,16
BRDA:1207,134,1,7
BRDA:1214,135,0,0
BRDA:1214,135,1,16
BRDA:1214,136,0,16
BRDA:1214,136,1,16
BRDA:1218,137,0,0
BRDA:1218,137,1,16
BRDA:1224,138,0,0
BRDA:1224,138,1,0
BRDA:1246,139,0,0
BRDA:1246,139,1,0
BRDA:1246,140,0,0
BRDA:1246,140,1,0
BRDA:1248,141,0,0
BRDA:1248,141,1,0
BRDA:1285,142,0,0
BRDA:1285,142,1,3
BRDA:1302,143,0,1
BRDA:1302,143,1,6
BRDA:1302,144,0,7
BRDA:1302,144,1,6
BRDA:1303,145,0,1
BRDA:1303,145,1,6
BRDA:1303,146,0,7
BRDA:1303,146,1,6
BRDA:1303,147,0,0
BRDA:1303,147,1,1
BRDA:1307,148,0,3
BRDA:1307,148,1,4
BRDA:1314,149,0,0
BRDA:1314,149,1,4
BRDA:1314,150,0,4
BRDA:1314,150,1,0
BRDA:1335,151,0,3
BRDA:1335,151,1,0
BRDA:1335,152,0,3
BRDA:1335,152,1,0
BRDA:1337,153,0,1
BRDA:1337,153,1,2
BRDA:1338,154,0,1
BRDA:1338,154,1,0
BRDA:1381,155,0,0
BRDA:1381,155,1,2
BRDA:1399,156,0,3
BRDA:1399,156,1,3
BRDA:1435,157,0,10
BRDA:1435,157,1,17
BRDA:1444,158,0,6
BRDA:1444,158,1,11
BRDA:1462,159,0,0
BRDA:1462,159,1,1
BRDA:1491,160,0,2
BRDA:1491,160,1,0
BRDA:1494,161,0,0
BRDA:1494,161,1,0
BRDA:1560,162,0,0
BRDA:1560,162,1,0
BRDA:1563,163,0,0
BRDA:1563,163,1,0
BRDA:1567,164,0,0
BRDA:1567,164,1,0
BRDA:1586,165,0,0
BRDA:1586,165,1,0
BRDA:1587,166,0,0
BRDA:1587,166,1,0
BRDA:1596,167,0,0
BRDA:1596,167,1,0
BRDA:1606,168,0,2
BRDA:1606,168,1,4
BRDA:1606,169,0,6
BRDA:1606,169,1,4
BRDA:1703,170,0,6
BRDA:1703,170,1,0
BRDA:1703,171,0,6
BRDA:1703,171,1,0
BRDA:1706,172,0,0
BRDA:1706,172,1,6
BRDA:1721,173,0,0
BRDA:1721,173,1,6
BRDA:1721,174,0,6
BRDA:1721,174,1,6
BRDA:1722,175,0,0
BRDA:1722,175,1,6
BRDA:1722,176,0,6
BRDA:1722,176,1,6
BRDA:1723,177,0,6
BRDA:1723,177,1,0
BRDA:1723,178,0,6
BRDA:1723,178,1,0
BRDA:1723,179,0,3
BRDA:1723,179,1,3
BRDA:1725,180,0,0
BRDA:1725,180,1,6
BRDA:1731,181,0,3
BRDA:1731,181,1,3
BRDA:1746,182,0,0
BRDA:1746,182,1,2
BRDA:1746,183,0,2
BRDA:1746,183,1,2
BRDA:1748,184,0,0
BRDA:1748,184,1,2
BRDA:1770,185,0,4
BRDA:1770,185,1,0
BRDA:1770,186,0,4
BRDA:1770,186,1,0
BRDA:1785,187,0,3
BRDA:1785,187,1,0
BRDA:1785,188,0,3
BRDA:1785,188,1,0
BRDA:1788,189,0,0
BRDA:1788,189,1,3
BRDA:1803,190,0,2
BRDA:1803,190,1,3
BRDA:1803,191,0,5
BRDA:1803,191,1,3
BRDA:1805,192,0,2
BRDA:1805,192,1,3
BRDA:1808,193,0,0
BRDA:1808,193,1,2
BRDA:1830,194,0,1
BRDA:1830,194,1,2
BRDA:1830,195,0,3
BRDA:1830,195,1,2
BRDA:1832,196,0,1
BRDA:1832,196,1,2
BRDA:1849,197,0,0
BRDA:1849,197,1,0
BRDA:1849,198,0,0
BRDA:1849,198,1,0
BRDA:1866,199,0,0
BRDA:1866,199,1,0
BRDA:1866,200,0,0
BRDA:1866,200,1,0
BRDA:1868,201,0,0
BRDA:1868,201,1,0
BRDA:1890,202,0,0
BRDA:1890,202,1,0
BRDA:1890,203,0,0
BRDA:1890,203,1,0
BRDA:1891,204,0,0
BRDA:1891,204,1,0
BRDA:1891,205,0,0
BRDA:1891,205,1,0
BRDA:1893,206,0,0
BRDA:1893,206,1,0
BRF:430
BRH:223
end_of_record
TN:
SF:/Users/etosch/dev/Runner/src/main/resources/surveyman.js/SurveyMan/config.js
FNF:0
FNH:0
DA:3,3
DA:8,3
LF:2
LH:2
BRF:0
BRH:0
end_of_record
